Analysis & Synthesis report for Project
Sun Apr 23 18:00:26 2017
Quartus II 64-Bit Version 15.0.0 Build 145 04/22/2015 SJ Full Version


---------------------
; Table of Contents ;
---------------------
  1. Legal Notice
  2. Analysis & Synthesis Summary
  3. Analysis & Synthesis Settings
  4. Parallel Compilation
  5. Analysis & Synthesis Source Files Read
  6. Analysis & Synthesis Resource Usage Summary
  7. Analysis & Synthesis Resource Utilization by Entity
  8. Registers Removed During Synthesis
  9. Removed Registers Triggering Further Register Optimizations
 10. General Register Statistics
 11. Multiplexer Restructuring Statistics (Restructuring Performed)
 12. Parameter Settings for User Entity Instance: Drive_Uart_Top:Drive_Uart_Top0|uart_rx:uart_rx
 13. Parameter Settings for User Entity Instance: Drive_Uart_Top:Drive_Uart_Top0|uart_tx:uart_tx
 14. Parameter Settings for Inferred Entity Instance: Drive_Clock:Drive_Clock0|lpm_divide:Mod2
 15. Parameter Settings for Inferred Entity Instance: App_Led:App_Led0|lpm_divide:Mod0
 16. Parameter Settings for Inferred Entity Instance: Drive_Clock:Drive_Clock0|lpm_divide:Mod0
 17. Port Connectivity Checks: "Drive_Uart_Top:Drive_Uart_Top0|Drive_Uart_Buff:Drive_Uart_Buff"
 18. Port Connectivity Checks: "Drive_Clock:Drive_Clock0"
 19. Post-Synthesis Netlist Statistics for Top Partition
 20. Elapsed Time Per Partition
 21. Analysis & Synthesis Messages
 22. Analysis & Synthesis Suppressed Messages



----------------
; Legal Notice ;
----------------
Copyright (C) 1991-2015 Altera Corporation. All rights reserved.
Your use of Altera Corporation's design tools, logic functions 
and other software and tools, and its AMPP partner logic 
functions, and any output files from any of the foregoing 
(including device programming or simulation files), and any 
associated documentation or information are expressly subject 
to the terms and conditions of the Altera Program License 
Subscription Agreement, the Altera Quartus II License Agreement,
the Altera MegaCore Function License Agreement, or other 
applicable license agreement, including, without limitation, 
that your use is for the sole purpose of programming logic 
devices manufactured by Altera and sold by Altera or its 
authorized distributors.  Please refer to the applicable 
agreement for further details.



+----------------------------------------------------------------------------------+
; Analysis & Synthesis Summary                                                     ;
+------------------------------------+---------------------------------------------+
; Analysis & Synthesis Status        ; Successful - Sun Apr 23 18:00:26 2017       ;
; Quartus II 64-Bit Version          ; 15.0.0 Build 145 04/22/2015 SJ Full Version ;
; Revision Name                      ; Project                                     ;
; Top-level Entity Name              ; Interface_bsp                               ;
; Family                             ; Cyclone IV E                                ;
; Total logic elements               ; 898                                         ;
;     Total combinational functions  ; 897                                         ;
;     Dedicated logic registers      ; 58                                          ;
; Total registers                    ; 58                                          ;
; Total pins                         ; 8                                           ;
; Total virtual pins                 ; 0                                           ;
; Total memory bits                  ; 0                                           ;
; Embedded Multiplier 9-bit elements ; 0                                           ;
; Total PLLs                         ; 0                                           ;
+------------------------------------+---------------------------------------------+


+----------------------------------------------------------------------------------------------------------------------+
; Analysis & Synthesis Settings                                                                                        ;
+----------------------------------------------------------------------------+--------------------+--------------------+
; Option                                                                     ; Setting            ; Default Value      ;
+----------------------------------------------------------------------------+--------------------+--------------------+
; Device                                                                     ; EP4CE22E22C8       ;                    ;
; Top-level entity name                                                      ; Interface_bsp      ; Project            ;
; Family name                                                                ; Cyclone IV E       ; Cyclone V          ;
; Use smart compilation                                                      ; Off                ; Off                ;
; Enable parallel Assembler and TimeQuest Timing Analyzer during compilation ; On                 ; On                 ;
; Enable compact report table                                                ; Off                ; Off                ;
; Restructure Multiplexers                                                   ; Auto               ; Auto               ;
; Create Debugging Nodes for IP Cores                                        ; Off                ; Off                ;
; Preserve fewer node names                                                  ; On                 ; On                 ;
; Disable OpenCore Plus hardware evaluation                                  ; Off                ; Off                ;
; Verilog Version                                                            ; Verilog_2001       ; Verilog_2001       ;
; VHDL Version                                                               ; VHDL_1993          ; VHDL_1993          ;
; State Machine Processing                                                   ; Auto               ; Auto               ;
; Safe State Machine                                                         ; Off                ; Off                ;
; Extract Verilog State Machines                                             ; On                 ; On                 ;
; Extract VHDL State Machines                                                ; On                 ; On                 ;
; Ignore Verilog initial constructs                                          ; Off                ; Off                ;
; Iteration limit for constant Verilog loops                                 ; 5000               ; 5000               ;
; Iteration limit for non-constant Verilog loops                             ; 250                ; 250                ;
; Add Pass-Through Logic to Inferred RAMs                                    ; On                 ; On                 ;
; Infer RAMs from Raw Logic                                                  ; On                 ; On                 ;
; Parallel Synthesis                                                         ; On                 ; On                 ;
; DSP Block Balancing                                                        ; Auto               ; Auto               ;
; NOT Gate Push-Back                                                         ; On                 ; On                 ;
; Power-Up Don't Care                                                        ; On                 ; On                 ;
; Remove Redundant Logic Cells                                               ; Off                ; Off                ;
; Remove Duplicate Registers                                                 ; On                 ; On                 ;
; Ignore CARRY Buffers                                                       ; Off                ; Off                ;
; Ignore CASCADE Buffers                                                     ; Off                ; Off                ;
; Ignore GLOBAL Buffers                                                      ; Off                ; Off                ;
; Ignore ROW GLOBAL Buffers                                                  ; Off                ; Off                ;
; Ignore LCELL Buffers                                                       ; Off                ; Off                ;
; Ignore SOFT Buffers                                                        ; On                 ; On                 ;
; Limit AHDL Integers to 32 Bits                                             ; Off                ; Off                ;
; Optimization Technique                                                     ; Balanced           ; Balanced           ;
; Carry Chain Length                                                         ; 70                 ; 70                 ;
; Auto Carry Chains                                                          ; On                 ; On                 ;
; Auto Open-Drain Pins                                                       ; On                 ; On                 ;
; Perform WYSIWYG Primitive Resynthesis                                      ; Off                ; Off                ;
; Auto ROM Replacement                                                       ; On                 ; On                 ;
; Auto RAM Replacement                                                       ; On                 ; On                 ;
; Auto DSP Block Replacement                                                 ; On                 ; On                 ;
; Auto Shift Register Replacement                                            ; Auto               ; Auto               ;
; Allow Shift Register Merging across Hierarchies                            ; Auto               ; Auto               ;
; Auto Clock Enable Replacement                                              ; On                 ; On                 ;
; Strict RAM Replacement                                                     ; Off                ; Off                ;
; Allow Synchronous Control Signals                                          ; On                 ; On                 ;
; Force Use of Synchronous Clear Signals                                     ; Off                ; Off                ;
; Auto RAM Block Balancing                                                   ; On                 ; On                 ;
; Auto RAM to Logic Cell Conversion                                          ; Off                ; Off                ;
; Auto Resource Sharing                                                      ; Off                ; Off                ;
; Allow Any RAM Size For Recognition                                         ; Off                ; Off                ;
; Allow Any ROM Size For Recognition                                         ; Off                ; Off                ;
; Allow Any Shift Register Size For Recognition                              ; Off                ; Off                ;
; Use LogicLock Constraints during Resource Balancing                        ; On                 ; On                 ;
; Ignore translate_off and synthesis_off directives                          ; Off                ; Off                ;
; Timing-Driven Synthesis                                                    ; On                 ; On                 ;
; Report Parameter Settings                                                  ; On                 ; On                 ;
; Report Source Assignments                                                  ; On                 ; On                 ;
; Report Connectivity Checks                                                 ; On                 ; On                 ;
; Ignore Maximum Fan-Out Assignments                                         ; Off                ; Off                ;
; Synchronization Register Chain Length                                      ; 2                  ; 2                  ;
; PowerPlay Power Optimization During Synthesis                              ; Normal compilation ; Normal compilation ;
; HDL message level                                                          ; Level2             ; Level2             ;
; Suppress Register Optimization Related Messages                            ; Off                ; Off                ;
; Number of Removed Registers Reported in Synthesis Report                   ; 5000               ; 5000               ;
; Number of Swept Nodes Reported in Synthesis Report                         ; 5000               ; 5000               ;
; Number of Inverted Registers Reported in Synthesis Report                  ; 100                ; 100                ;
; Clock MUX Protection                                                       ; On                 ; On                 ;
; Auto Gated Clock Conversion                                                ; Off                ; Off                ;
; Block Design Naming                                                        ; Auto               ; Auto               ;
; SDC constraint protection                                                  ; Off                ; Off                ;
; Synthesis Effort                                                           ; Auto               ; Auto               ;
; Shift Register Replacement - Allow Asynchronous Clear Signal               ; On                 ; On                 ;
; Pre-Mapping Resynthesis Optimization                                       ; Off                ; Off                ;
; Analysis & Synthesis Message Level                                         ; Medium             ; Medium             ;
; Disable Register Merging Across Hierarchies                                ; Auto               ; Auto               ;
; Resource Aware Inference For Block RAM                                     ; On                 ; On                 ;
; Synthesis Seed                                                             ; 1                  ; 1                  ;
+----------------------------------------------------------------------------+--------------------+--------------------+


+------------------------------------------+
; Parallel Compilation                     ;
+----------------------------+-------------+
; Processors                 ; Number      ;
+----------------------------+-------------+
; Number detected on machine ; 6           ;
; Maximum allowed            ; 6           ;
;                            ;             ;
; Average used               ; 1.00        ;
; Maximum used               ; 6           ;
;                            ;             ;
; Usage by Processor         ; % Time Used ;
;     Processor 1            ; 100.0%      ;
;     Processors 2-6         ; < 0.1%      ;
+----------------------------+-------------+


+--------------------------------------------------------------------------------------------------------------------------------------------------------------------------------------------+
; Analysis & Synthesis Source Files Read                                                                                                                                                     ;
+----------------------------------------+-----------------+------------------------------+----------------------------------------------------------------------------------------+---------+
; File Name with User-Entered Path       ; Used in Netlist ; File Type                    ; File Name with Absolute Path                                                           ; Library ;
+----------------------------------------+-----------------+------------------------------+----------------------------------------------------------------------------------------+---------+
; _01_Interface/Interface_bsp.v          ; yes             ; User Verilog HDL File        ; E:/_10_EnglishPath/_05_CycloneIV Code/_03_Usart/_01_Interface/Interface_bsp.v          ;         ;
; _02_Drive/Drive_Clock.v                ; yes             ; User Verilog HDL File        ; E:/_10_EnglishPath/_05_CycloneIV Code/_03_Usart/_02_Drive/Drive_Clock.v                ;         ;
; _03_App/App_Led.v                      ; yes             ; User Verilog HDL File        ; E:/_10_EnglishPath/_05_CycloneIV Code/_03_Usart/_03_App/App_Led.v                      ;         ;
; _02_Drive/Drive_Uart/Drive_Uart_Top.v  ; yes             ; User Verilog HDL File        ; E:/_10_EnglishPath/_05_CycloneIV Code/_03_Usart/_02_Drive/Drive_Uart/Drive_Uart_Top.v  ;         ;
; _02_Drive/Drive_Uart/uart_rx.v         ; yes             ; User Verilog HDL File        ; E:/_10_EnglishPath/_05_CycloneIV Code/_03_Usart/_02_Drive/Drive_Uart/uart_rx.v         ;         ;
; _02_Drive/Drive_Uart/uart_tx.v         ; yes             ; User Verilog HDL File        ; E:/_10_EnglishPath/_05_CycloneIV Code/_03_Usart/_02_Drive/Drive_Uart/uart_tx.v         ;         ;
; _02_Drive/Drive_Uart/clkdiv.v          ; yes             ; User Verilog HDL File        ; E:/_10_EnglishPath/_05_CycloneIV Code/_03_Usart/_02_Drive/Drive_Uart/clkdiv.v          ;         ;
; _02_Drive/Drive_Uart/Drive_Uart_Buff.v ; yes             ; User Verilog HDL File        ; E:/_10_EnglishPath/_05_CycloneIV Code/_03_Usart/_02_Drive/Drive_Uart/Drive_Uart_Buff.v ;         ;
; lpm_divide.tdf                         ; yes             ; Megafunction                 ; d:/altera/15/quartus/libraries/megafunctions/lpm_divide.tdf                            ;         ;
; abs_divider.inc                        ; yes             ; Megafunction                 ; d:/altera/15/quartus/libraries/megafunctions/abs_divider.inc                           ;         ;
; sign_div_unsign.inc                    ; yes             ; Megafunction                 ; d:/altera/15/quartus/libraries/megafunctions/sign_div_unsign.inc                       ;         ;
; aglobal150.inc                         ; yes             ; Megafunction                 ; d:/altera/15/quartus/libraries/megafunctions/aglobal150.inc                            ;         ;
; db/lpm_divide_lcm.tdf                  ; yes             ; Auto-Generated Megafunction  ; E:/_10_EnglishPath/_05_CycloneIV Code/_03_Usart/db/lpm_divide_lcm.tdf                  ;         ;
; db/sign_div_unsign_bnh.tdf             ; yes             ; Auto-Generated Megafunction  ; E:/_10_EnglishPath/_05_CycloneIV Code/_03_Usart/db/sign_div_unsign_bnh.tdf             ;         ;
; db/alt_u_div_9af.tdf                   ; yes             ; Auto-Generated Megafunction  ; E:/_10_EnglishPath/_05_CycloneIV Code/_03_Usart/db/alt_u_div_9af.tdf                   ;         ;
; db/add_sub_7pc.tdf                     ; yes             ; Auto-Generated Megafunction  ; E:/_10_EnglishPath/_05_CycloneIV Code/_03_Usart/db/add_sub_7pc.tdf                     ;         ;
; db/add_sub_8pc.tdf                     ; yes             ; Auto-Generated Megafunction  ; E:/_10_EnglishPath/_05_CycloneIV Code/_03_Usart/db/add_sub_8pc.tdf                     ;         ;
; db/lpm_divide_bbm.tdf                  ; yes             ; Auto-Generated Megafunction  ; E:/_10_EnglishPath/_05_CycloneIV Code/_03_Usart/db/lpm_divide_bbm.tdf                  ;         ;
; db/sign_div_unsign_0mh.tdf             ; yes             ; Auto-Generated Megafunction  ; E:/_10_EnglishPath/_05_CycloneIV Code/_03_Usart/db/sign_div_unsign_0mh.tdf             ;         ;
; db/alt_u_div_k7f.tdf                   ; yes             ; Auto-Generated Megafunction  ; E:/_10_EnglishPath/_05_CycloneIV Code/_03_Usart/db/alt_u_div_k7f.tdf                   ;         ;
; db/lpm_divide_qcm.tdf                  ; yes             ; Auto-Generated Megafunction  ; E:/_10_EnglishPath/_05_CycloneIV Code/_03_Usart/db/lpm_divide_qcm.tdf                  ;         ;
; db/sign_div_unsign_fnh.tdf             ; yes             ; Auto-Generated Megafunction  ; E:/_10_EnglishPath/_05_CycloneIV Code/_03_Usart/db/sign_div_unsign_fnh.tdf             ;         ;
; db/alt_u_div_iaf.tdf                   ; yes             ; Auto-Generated Megafunction  ; E:/_10_EnglishPath/_05_CycloneIV Code/_03_Usart/db/alt_u_div_iaf.tdf                   ;         ;
+----------------------------------------+-----------------+------------------------------+----------------------------------------------------------------------------------------+---------+


+-----------------------------------------------------------------------------------------------------------------------------------------------------------------------------------------------------+
; Analysis & Synthesis Resource Usage Summary                                                                                                                                                         ;
+---------------------------------------------+-------------------------------------------------------------------------------------------------------------------------------------------------------+
; Resource                                    ; Usage                                                                                                                                                 ;
+---------------------------------------------+-------------------------------------------------------------------------------------------------------------------------------------------------------+
; Estimated Total logic elements              ; 898                                                                                                                                                   ;
;                                             ;                                                                                                                                                       ;
; Total combinational functions               ; 897                                                                                                                                                   ;
; Logic element usage by number of LUT inputs ;                                                                                                                                                       ;
;     -- 4 input functions                    ; 229                                                                                                                                                   ;
;     -- 3 input functions                    ; 232                                                                                                                                                   ;
;     -- <=2 input functions                  ; 436                                                                                                                                                   ;
;                                             ;                                                                                                                                                       ;
; Logic elements by mode                      ;                                                                                                                                                       ;
;     -- normal mode                          ; 591                                                                                                                                                   ;
;     -- arithmetic mode                      ; 306                                                                                                                                                   ;
;                                             ;                                                                                                                                                       ;
; Total registers                             ; 58                                                                                                                                                    ;
;     -- Dedicated logic registers            ; 58                                                                                                                                                    ;
;     -- I/O registers                        ; 0                                                                                                                                                     ;
;                                             ;                                                                                                                                                       ;
; I/O pins                                    ; 8                                                                                                                                                     ;
;                                             ;                                                                                                                                                       ;
; Embedded Multiplier 9-bit elements          ; 0                                                                                                                                                     ;
;                                             ;                                                                                                                                                       ;
; Maximum fan-out node                        ; Drive_Clock:Drive_Clock0|lpm_divide:Mod0|lpm_divide_qcm:auto_generated|sign_div_unsign_fnh:divider|alt_u_div_iaf:divider|add_sub_30_result_int[30]~44 ;
; Maximum fan-out                             ; 58                                                                                                                                                    ;
; Total fan-out                               ; 2628                                                                                                                                                  ;
; Average fan-out                             ; 2.68                                                                                                                                                  ;
+---------------------------------------------+-------------------------------------------------------------------------------------------------------------------------------------------------------+


+----------------------------------------------------------------------------------------------------------------------------------------------------------------------------------------------------------------------------------------------------------------------------------------------------------------+
; Analysis & Synthesis Resource Utilization by Entity                                                                                                                                                                                                                                                            ;
+-------------------------------------------+-------------------+--------------+-------------+--------------+---------+-----------+------+--------------+-----------------------------------------------------------------------------------------------------------------------------------------+--------------+
; Compilation Hierarchy Node                ; LC Combinationals ; LC Registers ; Memory Bits ; DSP Elements ; DSP 9x9 ; DSP 18x18 ; Pins ; Virtual Pins ; Full Hierarchy Name                                                                                                                     ; Library Name ;
+-------------------------------------------+-------------------+--------------+-------------+--------------+---------+-----------+------+--------------+-----------------------------------------------------------------------------------------------------------------------------------------+--------------+
; |Interface_bsp                            ; 897 (0)           ; 58 (0)       ; 0           ; 0            ; 0       ; 0         ; 8    ; 0            ; |Interface_bsp                                                                                                                          ; work         ;
;    |App_Led:App_Led0|                     ; 58 (13)           ; 10 (10)      ; 0           ; 0            ; 0       ; 0         ; 0    ; 0            ; |Interface_bsp|App_Led:App_Led0                                                                                                         ; work         ;
;       |lpm_divide:Mod0|                   ; 45 (0)            ; 0 (0)        ; 0           ; 0            ; 0       ; 0         ; 0    ; 0            ; |Interface_bsp|App_Led:App_Led0|lpm_divide:Mod0                                                                                         ; work         ;
;          |lpm_divide_bbm:auto_generated|  ; 45 (0)            ; 0 (0)        ; 0           ; 0            ; 0       ; 0         ; 0    ; 0            ; |Interface_bsp|App_Led:App_Led0|lpm_divide:Mod0|lpm_divide_bbm:auto_generated                                                           ; work         ;
;             |sign_div_unsign_0mh:divider| ; 45 (0)            ; 0 (0)        ; 0           ; 0            ; 0       ; 0         ; 0    ; 0            ; |Interface_bsp|App_Led:App_Led0|lpm_divide:Mod0|lpm_divide_bbm:auto_generated|sign_div_unsign_0mh:divider                               ; work         ;
;                |alt_u_div_k7f:divider|    ; 45 (45)           ; 0 (0)        ; 0           ; 0            ; 0       ; 0         ; 0    ; 0            ; |Interface_bsp|App_Led:App_Led0|lpm_divide:Mod0|lpm_divide_bbm:auto_generated|sign_div_unsign_0mh:divider|alt_u_div_k7f:divider         ; work         ;
;    |Drive_Clock:Drive_Clock0|             ; 810 (47)          ; 30 (30)      ; 0           ; 0            ; 0       ; 0         ; 0    ; 0            ; |Interface_bsp|Drive_Clock:Drive_Clock0                                                                                                 ; work         ;
;       |lpm_divide:Mod0|                   ; 141 (0)           ; 0 (0)        ; 0           ; 0            ; 0       ; 0         ; 0    ; 0            ; |Interface_bsp|Drive_Clock:Drive_Clock0|lpm_divide:Mod0                                                                                 ; work         ;
;          |lpm_divide_qcm:auto_generated|  ; 141 (0)           ; 0 (0)        ; 0           ; 0            ; 0       ; 0         ; 0    ; 0            ; |Interface_bsp|Drive_Clock:Drive_Clock0|lpm_divide:Mod0|lpm_divide_qcm:auto_generated                                                   ; work         ;
;             |sign_div_unsign_fnh:divider| ; 141 (0)           ; 0 (0)        ; 0           ; 0            ; 0       ; 0         ; 0    ; 0            ; |Interface_bsp|Drive_Clock:Drive_Clock0|lpm_divide:Mod0|lpm_divide_qcm:auto_generated|sign_div_unsign_fnh:divider                       ; work         ;
;                |alt_u_div_iaf:divider|    ; 141 (141)         ; 0 (0)        ; 0           ; 0            ; 0       ; 0         ; 0    ; 0            ; |Interface_bsp|Drive_Clock:Drive_Clock0|lpm_divide:Mod0|lpm_divide_qcm:auto_generated|sign_div_unsign_fnh:divider|alt_u_div_iaf:divider ; work         ;
;       |lpm_divide:Mod2|                   ; 622 (0)           ; 0 (0)        ; 0           ; 0            ; 0       ; 0         ; 0    ; 0            ; |Interface_bsp|Drive_Clock:Drive_Clock0|lpm_divide:Mod2                                                                                 ; work         ;
;          |lpm_divide_lcm:auto_generated|  ; 622 (0)           ; 0 (0)        ; 0           ; 0            ; 0       ; 0         ; 0    ; 0            ; |Interface_bsp|Drive_Clock:Drive_Clock0|lpm_divide:Mod2|lpm_divide_lcm:auto_generated                                                   ; work         ;
;             |sign_div_unsign_bnh:divider| ; 622 (0)           ; 0 (0)        ; 0           ; 0            ; 0       ; 0         ; 0    ; 0            ; |Interface_bsp|Drive_Clock:Drive_Clock0|lpm_divide:Mod2|lpm_divide_lcm:auto_generated|sign_div_unsign_bnh:divider                       ; work         ;
;                |alt_u_div_9af:divider|    ; 622 (622)         ; 0 (0)        ; 0           ; 0            ; 0       ; 0         ; 0    ; 0            ; |Interface_bsp|Drive_Clock:Drive_Clock0|lpm_divide:Mod2|lpm_divide_lcm:auto_generated|sign_div_unsign_bnh:divider|alt_u_div_9af:divider ; work         ;
;    |Drive_Uart_Top:Drive_Uart_Top0|       ; 29 (0)            ; 18 (0)       ; 0           ; 0            ; 0       ; 0         ; 0    ; 0            ; |Interface_bsp|Drive_Uart_Top:Drive_Uart_Top0                                                                                           ; work         ;
;       |clkdiv:clkdiv|                     ; 29 (29)           ; 17 (17)      ; 0           ; 0            ; 0       ; 0         ; 0    ; 0            ; |Interface_bsp|Drive_Uart_Top:Drive_Uart_Top0|clkdiv:clkdiv                                                                             ; work         ;
;       |uart_tx:uart_tx|                   ; 0 (0)             ; 1 (1)        ; 0           ; 0            ; 0       ; 0         ; 0    ; 0            ; |Interface_bsp|Drive_Uart_Top:Drive_Uart_Top0|uart_tx:uart_tx                                                                           ; work         ;
+-------------------------------------------+-------------------+--------------+-------------+--------------+---------+-----------+------+--------------+-----------------------------------------------------------------------------------------------------------------------------------------+--------------+
Note: For table entries with two numbers listed, the numbers in parentheses indicate the number of resources of the given type used by the specific entity alone. The numbers listed outside of parentheses indicate the total resources of the given type used by the specific entity and all of its sub-entities in the hierarchy.


+--------------------------------------------------------------------------------------------------------+
; Registers Removed During Synthesis                                                                     ;
+----------------------------------------------------------+---------------------------------------------+
; Register name                                            ; Reason for Removal                          ;
+----------------------------------------------------------+---------------------------------------------+
; Drive_Uart_Top:Drive_Uart_Top0|uart_tx:uart_tx|send      ; Stuck at GND due to stuck port data_in      ;
; App_Led:App_Led0|cnt[9..15]                              ; Stuck at GND due to stuck port data_in      ;
; Drive_Clock:Drive_Clock0|time_20ns[29..31]               ; Stuck at GND due to stuck port data_in      ;
; Drive_Uart_Top:Drive_Uart_Top0|uart_tx:uart_tx|presult   ; Stuck at GND due to stuck port clock_enable ;
; Drive_Uart_Top:Drive_Uart_Top0|uart_tx:uart_tx|cnt[0..7] ; Lost fanout                                 ;
; Total Number of Removed Registers = 20                   ;                                             ;
+----------------------------------------------------------+---------------------------------------------+


+-------------------------------------------------------------------------------------------------------------------------------------------+
; Removed Registers Triggering Further Register Optimizations                                                                               ;
+-----------------------------------------------------+---------------------------+---------------------------------------------------------+
; Register name                                       ; Reason for Removal        ; Registers Removed due to This Register                  ;
+-----------------------------------------------------+---------------------------+---------------------------------------------------------+
; Drive_Uart_Top:Drive_Uart_Top0|uart_tx:uart_tx|send ; Stuck at GND              ; Drive_Uart_Top:Drive_Uart_Top0|uart_tx:uart_tx|presult, ;
;                                                     ; due to stuck port data_in ; Drive_Uart_Top:Drive_Uart_Top0|uart_tx:uart_tx|cnt[7],  ;
;                                                     ;                           ; Drive_Uart_Top:Drive_Uart_Top0|uart_tx:uart_tx|cnt[6],  ;
;                                                     ;                           ; Drive_Uart_Top:Drive_Uart_Top0|uart_tx:uart_tx|cnt[5],  ;
;                                                     ;                           ; Drive_Uart_Top:Drive_Uart_Top0|uart_tx:uart_tx|cnt[4],  ;
;                                                     ;                           ; Drive_Uart_Top:Drive_Uart_Top0|uart_tx:uart_tx|cnt[3],  ;
;                                                     ;                           ; Drive_Uart_Top:Drive_Uart_Top0|uart_tx:uart_tx|cnt[2],  ;
;                                                     ;                           ; Drive_Uart_Top:Drive_Uart_Top0|uart_tx:uart_tx|cnt[1],  ;
;                                                     ;                           ; Drive_Uart_Top:Drive_Uart_Top0|uart_tx:uart_tx|cnt[0]   ;
+-----------------------------------------------------+---------------------------+---------------------------------------------------------+


+------------------------------------------------------+
; General Register Statistics                          ;
+----------------------------------------------+-------+
; Statistic                                    ; Value ;
+----------------------------------------------+-------+
; Total registers                              ; 58    ;
; Number of registers using Synchronous Clear  ; 0     ;
; Number of registers using Synchronous Load   ; 0     ;
; Number of registers using Asynchronous Clear ; 49    ;
; Number of registers using Asynchronous Load  ; 0     ;
; Number of registers using Clock Enable       ; 9     ;
; Number of registers using Preset             ; 0     ;
+----------------------------------------------+-------+


+----------------------------------------------------------------------------------------------------------------------------------------------------------------------------------+
; Multiplexer Restructuring Statistics (Restructuring Performed)                                                                                                                   ;
+--------------------+-----------+---------------+----------------------+------------------------+------------+--------------------------------------------------------------------+
; Multiplexer Inputs ; Bus Width ; Baseline Area ; Area if Restructured ; Saving if Restructured ; Registered ; Example Multiplexer Output                                         ;
+--------------------+-----------+---------------+----------------------+------------------------+------------+--------------------------------------------------------------------+
; 3:1                ; 16 bits   ; 32 LEs        ; 16 LEs               ; 16 LEs                 ; Yes        ; |Interface_bsp|Drive_Uart_Top:Drive_Uart_Top0|clkdiv:clkdiv|cnt[0] ;
+--------------------+-----------+---------------+----------------------+------------------------+------------+--------------------------------------------------------------------+


+---------------------------------------------------------------------------------------------+
; Parameter Settings for User Entity Instance: Drive_Uart_Top:Drive_Uart_Top0|uart_rx:uart_rx ;
+----------------+-------+--------------------------------------------------------------------+
; Parameter Name ; Value ; Type                                                               ;
+----------------+-------+--------------------------------------------------------------------+
; paritymode     ; 0     ; Unsigned Binary                                                    ;
+----------------+-------+--------------------------------------------------------------------+
Note: In order to hide this table in the UI and the text report file, please set the "Show Parameter Settings in Synthesis Report" option in "Analysis and Synthesis Settings -> More Settings" to "Off".


+---------------------------------------------------------------------------------------------+
; Parameter Settings for User Entity Instance: Drive_Uart_Top:Drive_Uart_Top0|uart_tx:uart_tx ;
+----------------+-------+--------------------------------------------------------------------+
; Parameter Name ; Value ; Type                                                               ;
+----------------+-------+--------------------------------------------------------------------+
; paritymode     ; 0     ; Unsigned Binary                                                    ;
+----------------+-------+--------------------------------------------------------------------+
Note: In order to hide this table in the UI and the text report file, please set the "Show Parameter Settings in Synthesis Report" option in "Analysis and Synthesis Settings -> More Settings" to "Off".


+-------------------------------------------------------------------------------------------+
; Parameter Settings for Inferred Entity Instance: Drive_Clock:Drive_Clock0|lpm_divide:Mod2 ;
+------------------------+----------------+-------------------------------------------------+
; Parameter Name         ; Value          ; Type                                            ;
+------------------------+----------------+-------------------------------------------------+
; LPM_WIDTHN             ; 32             ; Untyped                                         ;
; LPM_WIDTHD             ; 15             ; Untyped                                         ;
; LPM_NREPRESENTATION    ; UNSIGNED       ; Untyped                                         ;
; LPM_DREPRESENTATION    ; UNSIGNED       ; Untyped                                         ;
; LPM_PIPELINE           ; 0              ; Untyped                                         ;
; LPM_REMAINDERPOSITIVE  ; TRUE           ; Untyped                                         ;
; MAXIMIZE_SPEED         ; 5              ; Untyped                                         ;
; CBXI_PARAMETER         ; lpm_divide_lcm ; Untyped                                         ;
; CARRY_CHAIN            ; MANUAL         ; Untyped                                         ;
; OPTIMIZE_FOR_SPEED     ; 5              ; Untyped                                         ;
; AUTO_CARRY_CHAINS      ; ON             ; AUTO_CARRY                                      ;
; IGNORE_CARRY_BUFFERS   ; OFF            ; IGNORE_CARRY                                    ;
; AUTO_CASCADE_CHAINS    ; ON             ; AUTO_CASCADE                                    ;
; IGNORE_CASCADE_BUFFERS ; OFF            ; IGNORE_CASCADE                                  ;
+------------------------+----------------+-------------------------------------------------+
Note: In order to hide this table in the UI and the text report file, please set the "Show Parameter Settings in Synthesis Report" option in "Analysis and Synthesis Settings -> More Settings" to "Off".


+-----------------------------------------------------------------------------------+
; Parameter Settings for Inferred Entity Instance: App_Led:App_Led0|lpm_divide:Mod0 ;
+------------------------+----------------+-----------------------------------------+
; Parameter Name         ; Value          ; Type                                    ;
+------------------------+----------------+-----------------------------------------+
; LPM_WIDTHN             ; 17             ; Untyped                                 ;
; LPM_WIDTHD             ; 9              ; Untyped                                 ;
; LPM_NREPRESENTATION    ; UNSIGNED       ; Untyped                                 ;
; LPM_DREPRESENTATION    ; UNSIGNED       ; Untyped                                 ;
; LPM_PIPELINE           ; 0              ; Untyped                                 ;
; LPM_REMAINDERPOSITIVE  ; TRUE           ; Untyped                                 ;
; MAXIMIZE_SPEED         ; 5              ; Untyped                                 ;
; CBXI_PARAMETER         ; lpm_divide_bbm ; Untyped                                 ;
; CARRY_CHAIN            ; MANUAL         ; Untyped                                 ;
; OPTIMIZE_FOR_SPEED     ; 5              ; Untyped                                 ;
; AUTO_CARRY_CHAINS      ; ON             ; AUTO_CARRY                              ;
; IGNORE_CARRY_BUFFERS   ; OFF            ; IGNORE_CARRY                            ;
; AUTO_CASCADE_CHAINS    ; ON             ; AUTO_CASCADE                            ;
; IGNORE_CASCADE_BUFFERS ; OFF            ; IGNORE_CASCADE                          ;
+------------------------+----------------+-----------------------------------------+
Note: In order to hide this table in the UI and the text report file, please set the "Show Parameter Settings in Synthesis Report" option in "Analysis and Synthesis Settings -> More Settings" to "Off".


+-------------------------------------------------------------------------------------------+
; Parameter Settings for Inferred Entity Instance: Drive_Clock:Drive_Clock0|lpm_divide:Mod0 ;
+------------------------+----------------+-------------------------------------------------+
; Parameter Name         ; Value          ; Type                                            ;
+------------------------+----------------+-------------------------------------------------+
; LPM_WIDTHN             ; 32             ; Untyped                                         ;
; LPM_WIDTHD             ; 29             ; Untyped                                         ;
; LPM_NREPRESENTATION    ; UNSIGNED       ; Untyped                                         ;
; LPM_DREPRESENTATION    ; UNSIGNED       ; Untyped                                         ;
; LPM_PIPELINE           ; 0              ; Untyped                                         ;
; LPM_REMAINDERPOSITIVE  ; TRUE           ; Untyped                                         ;
; MAXIMIZE_SPEED         ; 5              ; Untyped                                         ;
; CBXI_PARAMETER         ; lpm_divide_qcm ; Untyped                                         ;
; CARRY_CHAIN            ; MANUAL         ; Untyped                                         ;
; OPTIMIZE_FOR_SPEED     ; 5              ; Untyped                                         ;
; AUTO_CARRY_CHAINS      ; ON             ; AUTO_CARRY                                      ;
; IGNORE_CARRY_BUFFERS   ; OFF            ; IGNORE_CARRY                                    ;
; AUTO_CASCADE_CHAINS    ; ON             ; AUTO_CASCADE                                    ;
; IGNORE_CASCADE_BUFFERS ; OFF            ; IGNORE_CASCADE                                  ;
+------------------------+----------------+-------------------------------------------------+
Note: In order to hide this table in the UI and the text report file, please set the "Show Parameter Settings in Synthesis Report" option in "Analysis and Synthesis Settings -> More Settings" to "Off".


+-----------------------------------------------------------------------------------------------------------------------------------------------------------------------------------+
; Port Connectivity Checks: "Drive_Uart_Top:Drive_Uart_Top0|Drive_Uart_Buff:Drive_Uart_Buff"                                                                                        ;
+----------------+--------+----------+----------------------------------------------------------------------------------------------------------------------------------------------+
; Port           ; Type   ; Severity ; Details                                                                                                                                      ;
+----------------+--------+----------+----------------------------------------------------------------------------------------------------------------------------------------------+
; in_test_freq   ; Input  ; Warning  ; Declared by entity but not connected by instance. If a default value exists, it will be used.  Otherwise, the port will be connected to GND. ;
; out_set_freq   ; Output ; Warning  ; Declared by entity but not connected by instance. Logic that only feeds a dangling port will be removed.                                     ;
; out_set_vpp    ; Output ; Warning  ; Declared by entity but not connected by instance. Logic that only feeds a dangling port will be removed.                                     ;
; out_set_phase  ; Output ; Warning  ; Declared by entity but not connected by instance. Logic that only feeds a dangling port will be removed.                                     ;
; out_set_shifty ; Output ; Warning  ; Declared by entity but not connected by instance. Logic that only feeds a dangling port will be removed.                                     ;
+----------------+--------+----------+----------------------------------------------------------------------------------------------------------------------------------------------+


+----------------------------------------------------------------------------------------------------------------------+
; Port Connectivity Checks: "Drive_Clock:Drive_Clock0"                                                                 ;
+------------+--------+----------+-------------------------------------------------------------------------------------+
; Port       ; Type   ; Severity ; Details                                                                             ;
+------------+--------+----------+-------------------------------------------------------------------------------------+
; out_clk_us ; Output ; Info     ; Connected to dangling logic. Logic that only feeds a dangling port will be removed. ;
; out_clk_s  ; Output ; Info     ; Connected to dangling logic. Logic that only feeds a dangling port will be removed. ;
+------------+--------+----------+-------------------------------------------------------------------------------------+


+-----------------------------------------------------+
; Post-Synthesis Netlist Statistics for Top Partition ;
+-----------------------+-----------------------------+
; Type                  ; Count                       ;
+-----------------------+-----------------------------+
; boundary_port         ; 8                           ;
; cycloneiii_ff         ; 58                          ;
;     CLR               ; 49                          ;
;     ENA               ; 9                           ;
; cycloneiii_lcell_comb ; 907                         ;
;     arith             ; 306                         ;
;         1 data inputs ; 3                           ;
;         2 data inputs ; 89                          ;
;         3 data inputs ; 214                         ;
;     normal            ; 601                         ;
;         0 data inputs ; 22                          ;
;         1 data inputs ; 12                          ;
;         2 data inputs ; 320                         ;
;         3 data inputs ; 18                          ;
;         4 data inputs ; 229                         ;
;                       ;                             ;
; Max LUT depth         ; 53.50                       ;
; Average LUT depth     ; 37.79                       ;
+-----------------------+-----------------------------+


+-------------------------------+
; Elapsed Time Per Partition    ;
+----------------+--------------+
; Partition Name ; Elapsed Time ;
+----------------+--------------+
; Top            ; 00:00:05     ;
+----------------+--------------+


+-------------------------------+
; Analysis & Synthesis Messages ;
+-------------------------------+
Info: *******************************************************************
Info: Running Quartus II 64-Bit Analysis & Synthesis
    Info: Version 15.0.0 Build 145 04/22/2015 SJ Full Version
    Info: Processing started: Sun Apr 23 18:00:08 2017
Info: Command: quartus_map --read_settings_files=on --write_settings_files=off Project -c Project
Info (20030): Parallel compilation is enabled and will use 6 of the 6 processors detected
Info (12021): Found 1 design units, including 1 entities, in source file _01_interface/interface_bsp.v
    Info (12023): Found entity 1: Interface_bsp
Info (12021): Found 1 design units, including 1 entities, in source file _02_drive/drive_clock.v
    Info (12023): Found entity 1: Drive_Clock
Info (12021): Found 1 design units, including 1 entities, in source file _03_app/app_led.v
    Info (12023): Found entity 1: App_Led
Info (12021): Found 1 design units, including 1 entities, in source file _02_drive/drive_uart/drive_uart_top.v
    Info (12023): Found entity 1: Drive_Uart_Top
Info (12021): Found 1 design units, including 1 entities, in source file _02_drive/drive_uart/uart_rx.v
    Info (12023): Found entity 1: uart_rx
Info (12021): Found 1 design units, including 1 entities, in source file _02_drive/drive_uart/uart_tx.v
    Info (12023): Found entity 1: uart_tx
Info (12021): Found 1 design units, including 1 entities, in source file _02_drive/drive_uart/clkdiv.v
    Info (12023): Found entity 1: clkdiv
Info (12021): Found 1 design units, including 1 entities, in source file _02_drive/drive_uart/drive_uart_buff.v
    Info (12023): Found entity 1: Drive_Uart_Buff
Warning (10227): Verilog HDL Port Declaration warning at uart_rx.v(14): data type declaration for "dataout" declares packed dimensions but the port declaration declaration does not
Info (10499): HDL info at uart_rx.v(10): see declaration for object "dataout"
Info (12127): Elaborating entity "Interface_bsp" for the top level hierarchy
Warning (10034): Output port "out_led_bus[3..1]" at Interface_bsp.v(21) has no driver
Info (12128): Elaborating entity "Drive_Clock" for hierarchy "Drive_Clock:Drive_Clock0"
Info (12128): Elaborating entity "App_Led" for hierarchy "App_Led:App_Led0"
Warning (10230): Verilog HDL assignment warning at App_Led.v(39): truncated value with size 32 to match size of target (16)
Info (12128): Elaborating entity "Drive_Uart_Top" for hierarchy "Drive_Uart_Top:Drive_Uart_Top0"
Info (12128): Elaborating entity "clkdiv" for hierarchy "Drive_Uart_Top:Drive_Uart_Top0|clkdiv:clkdiv"
Info (12128): Elaborating entity "uart_rx" for hierarchy "Drive_Uart_Top:Drive_Uart_Top0|uart_rx:uart_rx"
Info (12128): Elaborating entity "uart_tx" for hierarchy "Drive_Uart_Top:Drive_Uart_Top0|uart_tx:uart_tx"
Info (12128): Elaborating entity "Drive_Uart_Buff" for hierarchy "Drive_Uart_Top:Drive_Uart_Top0|Drive_Uart_Buff:Drive_Uart_Buff"
Warning (10230): Verilog HDL assignment warning at Drive_Uart_Buff.v(62): truncated value with size 32 to match size of target (16)
Warning (10230): Verilog HDL assignment warning at Drive_Uart_Buff.v(92): truncated value with size 32 to match size of target (1)
Warning (10235): Verilog HDL Always Construct warning at Drive_Uart_Buff.v(144): variable "in_test_freq" is read inside the Always Construct but isn't in the Always Construct's Event Control
Warning (10235): Verilog HDL Always Construct warning at Drive_Uart_Buff.v(149): variable "in_test_freq" is read inside the Always Construct but isn't in the Always Construct's Event Control
Warning (10235): Verilog HDL Always Construct warning at Drive_Uart_Buff.v(154): variable "in_test_freq" is read inside the Always Construct but isn't in the Always Construct's Event Control
Warning (10235): Verilog HDL Always Construct warning at Drive_Uart_Buff.v(159): variable "in_test_freq" is read inside the Always Construct but isn't in the Always Construct's Event Control
Warning (10030): Net "receive_buff[2..5]" at Drive_Uart_Buff.v(30) has no driver or initial value, using a default initial value '0'
Info (278001): Inferred 3 megafunctions from design logic
    Info (278004): Inferred divider/modulo megafunction ("lpm_divide") from the following logic: "Drive_Clock:Drive_Clock0|Mod2"
    Info (278004): Inferred divider/modulo megafunction ("lpm_divide") from the following logic: "App_Led:App_Led0|Mod0"
    Info (278004): Inferred divider/modulo megafunction ("lpm_divide") from the following logic: "Drive_Clock:Drive_Clock0|Mod0"
Info (12130): Elaborated megafunction instantiation "Drive_Clock:Drive_Clock0|lpm_divide:Mod2"
Info (12133): Instantiated megafunction "Drive_Clock:Drive_Clock0|lpm_divide:Mod2" with the following parameter:
    Info (12134): Parameter "LPM_WIDTHN" = "32"
    Info (12134): Parameter "LPM_WIDTHD" = "15"
    Info (12134): Parameter "LPM_NREPRESENTATION" = "UNSIGNED"
    Info (12134): Parameter "LPM_DREPRESENTATION" = "UNSIGNED"
Info (12021): Found 1 design units, including 1 entities, in source file db/lpm_divide_lcm.tdf
    Info (12023): Found entity 1: lpm_divide_lcm
Info (12021): Found 1 design units, including 1 entities, in source file db/sign_div_unsign_bnh.tdf
    Info (12023): Found entity 1: sign_div_unsign_bnh
Info (12021): Found 1 design units, including 1 entities, in source file db/alt_u_div_9af.tdf
    Info (12023): Found entity 1: alt_u_div_9af
Info (12021): Found 1 design units, including 1 entities, in source file db/add_sub_7pc.tdf
    Info (12023): Found entity 1: add_sub_7pc
Info (12021): Found 1 design units, including 1 entities, in source file db/add_sub_8pc.tdf
    Info (12023): Found entity 1: add_sub_8pc
Info (12130): Elaborated megafunction instantiation "App_Led:App_Led0|lpm_divide:Mod0"
Info (12133): Instantiated megafunction "App_Led:App_Led0|lpm_divide:Mod0" with the following parameter:
    Info (12134): Parameter "LPM_WIDTHN" = "17"
    Info (12134): Parameter "LPM_WIDTHD" = "9"
    Info (12134): Parameter "LPM_NREPRESENTATION" = "UNSIGNED"
    Info (12134): Parameter "LPM_DREPRESENTATION" = "UNSIGNED"
Info (12021): Found 1 design units, including 1 entities, in source file db/lpm_divide_bbm.tdf
    Info (12023): Found entity 1: lpm_divide_bbm
Info (12021): Found 1 design units, including 1 entities, in source file db/sign_div_unsign_0mh.tdf
    Info (12023): Found entity 1: sign_div_unsign_0mh
Info (12021): Found 1 design units, including 1 entities, in source file db/alt_u_div_k7f.tdf
    Info (12023): Found entity 1: alt_u_div_k7f
Info (12130): Elaborated megafunction instantiation "Drive_Clock:Drive_Clock0|lpm_divide:Mod0"
Info (12133): Instantiated megafunction "Drive_Clock:Drive_Clock0|lpm_divide:Mod0" with the following parameter:
    Info (12134): Parameter "LPM_WIDTHN" = "32"
    Info (12134): Parameter "LPM_WIDTHD" = "29"
    Info (12134): Parameter "LPM_NREPRESENTATION" = "UNSIGNED"
    Info (12134): Parameter "LPM_DREPRESENTATION" = "UNSIGNED"
Info (12021): Found 1 design units, including 1 entities, in source file db/lpm_divide_qcm.tdf
    Info (12023): Found entity 1: lpm_divide_qcm
Info (12021): Found 1 design units, including 1 entities, in source file db/sign_div_unsign_fnh.tdf
    Info (12023): Found entity 1: sign_div_unsign_fnh
Info (12021): Found 1 design units, including 1 entities, in source file db/alt_u_div_iaf.tdf
    Info (12023): Found entity 1: alt_u_div_iaf
Warning (12241): 1 hierarchies have connectivity warnings - see the Connectivity Checks report folder
Warning (13024): Output pins are stuck at VCC or GND
    Warning (13410): Pin "out_led_bus[1]" is stuck at GND
    Warning (13410): Pin "out_led_bus[2]" is stuck at GND
    Warning (13410): Pin "out_led_bus[3]" is stuck at GND
Info (286030): Timing-Driven Synthesis is running
Info (17049): 8 registers lost all their fanouts during netlist optimizations.
Info (17016): Found the following redundant logic cells in design
    Info (17048): Logic cell "App_Led:App_Led0|lpm_divide:Mod0|lpm_divide_bbm:auto_generated|sign_div_unsign_0mh:divider|alt_u_div_k7f:divider|add_sub_15_result_int[1]~18"
    Info (17048): Logic cell "Drive_Clock:Drive_Clock0|lpm_divide:Mod2|lpm_divide_lcm:auto_generated|sign_div_unsign_bnh:divider|alt_u_div_9af:divider|add_sub_17_result_int[1]~28"
    Info (17048): Logic cell "Drive_Clock:Drive_Clock0|lpm_divide:Mod0|lpm_divide_qcm:auto_generated|sign_div_unsign_fnh:divider|alt_u_div_iaf:divider|add_sub_30_result_int[7]~46"
    Info (17048): Logic cell "Drive_Clock:Drive_Clock0|lpm_divide:Mod0|lpm_divide_qcm:auto_generated|sign_div_unsign_fnh:divider|alt_u_div_iaf:divider|add_sub_30_result_int[6]~48"
    Info (17048): Logic cell "Drive_Clock:Drive_Clock0|lpm_divide:Mod0|lpm_divide_qcm:auto_generated|sign_div_unsign_fnh:divider|alt_u_div_iaf:divider|add_sub_30_result_int[5]~50"
    Info (17048): Logic cell "Drive_Clock:Drive_Clock0|lpm_divide:Mod0|lpm_divide_qcm:auto_generated|sign_div_unsign_fnh:divider|alt_u_div_iaf:divider|add_sub_30_result_int[4]~52"
    Info (17048): Logic cell "Drive_Clock:Drive_Clock0|lpm_divide:Mod0|lpm_divide_qcm:auto_generated|sign_div_unsign_fnh:divider|alt_u_div_iaf:divider|add_sub_30_result_int[3]~54"
    Info (17048): Logic cell "Drive_Clock:Drive_Clock0|lpm_divide:Mod0|lpm_divide_qcm:auto_generated|sign_div_unsign_fnh:divider|alt_u_div_iaf:divider|add_sub_30_result_int[2]~56"
    Info (17048): Logic cell "Drive_Clock:Drive_Clock0|lpm_divide:Mod0|lpm_divide_qcm:auto_generated|sign_div_unsign_fnh:divider|alt_u_div_iaf:divider|add_sub_30_result_int[1]~58"
    Info (17048): Logic cell "Drive_Clock:Drive_Clock0|lpm_divide:Mod0|lpm_divide_qcm:auto_generated|sign_div_unsign_fnh:divider|alt_u_div_iaf:divider|add_sub_31_result_int[0]~60"
Info (144001): Generated suppressed messages file E:/_10_EnglishPath/_05_CycloneIV Code/_03_Usart/output_files/Project.map.smsg
Info (16010): Generating hard_block partition "hard_block:auto_generated_inst"
    Info (16011): Adding 0 node(s), including 0 DDIO, 0 PLL, 0 transceiver and 0 LCELL
Warning (21074): Design contains 1 input pin(s) that do not drive logic
    Warning (15610): No output dependent on input pin "in_uart_rx"
Info (21057): Implemented 915 device resources after synthesis - the final resource count might be different
    Info (21058): Implemented 3 input pins
    Info (21059): Implemented 5 output pins
    Info (21061): Implemented 907 logic cells
Info: Quartus II 64-Bit Analysis & Synthesis was successful. 0 errors, 17 warnings
    Info: Peak virtual memory: 758 megabytes
    Info: Processing ended: Sun Apr 23 18:00:26 2017
    Info: Elapsed time: 00:00:18
    Info: Total CPU time (on all processors): 00:00:34


+------------------------------------------+
; Analysis & Synthesis Suppressed Messages ;
+------------------------------------------+
The suppressed messages can be found in E:/_10_EnglishPath/_05_CycloneIV Code/_03_Usart/output_files/Project.map.smsg.


