Analysis & Synthesis report for NixieTube
Fri Oct 28 22:24:23 2016
Quartus II 64-Bit Version 15.0.1 Build 150 06/03/2015 SJ Full Version


---------------------
; Table of Contents ;
---------------------
  1. Legal Notice
  2. Analysis & Synthesis Summary
  3. Analysis & Synthesis Settings
  4. Parallel Compilation
  5. Analysis & Synthesis Source Files Read
  6. Analysis & Synthesis Resource Usage Summary
  7. Analysis & Synthesis Resource Utilization by Entity
  8. Registers Removed During Synthesis
  9. General Register Statistics
 10. Multiplexer Restructuring Statistics (Restructuring Performed)
 11. Parameter Settings for User Entity Instance: NixieTube:U2
 12. Parameter Settings for Inferred Entity Instance: Main:U1|lpm_divide:Mod3
 13. Parameter Settings for Inferred Entity Instance: NixieTube:U2|lpm_divide:Div1
 14. Parameter Settings for Inferred Entity Instance: NixieTube:U2|lpm_divide:Mod3
 15. Parameter Settings for Inferred Entity Instance: NixieTube:U2|lpm_divide:Div0
 16. Parameter Settings for Inferred Entity Instance: NixieTube:U2|lpm_divide:Mod2
 17. Parameter Settings for Inferred Entity Instance: NixieTube:U2|lpm_divide:Mod1
 18. Parameter Settings for Inferred Entity Instance: NixieTube:U2|lpm_divide:Div2
 19. Parameter Settings for Inferred Entity Instance: NixieTube:U2|lpm_divide:Mod4
 20. Parameter Settings for Inferred Entity Instance: NixieTube:U2|lpm_divide:Div3
 21. Parameter Settings for Inferred Entity Instance: NixieTube:U2|lpm_divide:Mod5
 22. Parameter Settings for Inferred Entity Instance: Main:U1|lpm_divide:Mod1
 23. Parameter Settings for Inferred Entity Instance: NixieTube:U2|lpm_divide:Mod0
 24. Parameter Settings for Inferred Entity Instance: Main:U1|lpm_divide:Mod2
 25. Parameter Settings for Inferred Entity Instance: Main:U1|lpm_divide:Mod0
 26. Post-Synthesis Netlist Statistics for Top Partition
 27. Elapsed Time Per Partition
 28. Analysis & Synthesis Messages



----------------
; Legal Notice ;
----------------
Copyright (C) 1991-2015 Altera Corporation. All rights reserved.
Your use of Altera Corporation's design tools, logic functions 
and other software and tools, and its AMPP partner logic 
functions, and any output files from any of the foregoing 
(including device programming or simulation files), and any 
associated documentation or information are expressly subject 
to the terms and conditions of the Altera Program License 
Subscription Agreement, the Altera Quartus II License Agreement,
the Altera MegaCore Function License Agreement, or other 
applicable license agreement, including, without limitation, 
that your use is for the sole purpose of programming logic 
devices manufactured by Altera and sold by Altera or its 
authorized distributors.  Please refer to the applicable 
agreement for further details.



+----------------------------------------------------------------------------------+
; Analysis & Synthesis Summary                                                     ;
+------------------------------------+---------------------------------------------+
; Analysis & Synthesis Status        ; Successful - Fri Oct 28 22:24:23 2016       ;
; Quartus II 64-Bit Version          ; 15.0.1 Build 150 06/03/2015 SJ Full Version ;
; Revision Name                      ; NixieTube                                   ;
; Top-level Entity Name              ; Interface                                   ;
; Family                             ; Cyclone IV E                                ;
; Total logic elements               ; 1,946                                       ;
;     Total combinational functions  ; 1,946                                       ;
;     Dedicated logic registers      ; 69                                          ;
; Total registers                    ; 69                                          ;
; Total pins                         ; 15                                          ;
; Total virtual pins                 ; 0                                           ;
; Total memory bits                  ; 0                                           ;
; Embedded Multiplier 9-bit elements ; 0                                           ;
; Total PLLs                         ; 0                                           ;
+------------------------------------+---------------------------------------------+


+----------------------------------------------------------------------------------------------------------------------+
; Analysis & Synthesis Settings                                                                                        ;
+----------------------------------------------------------------------------+--------------------+--------------------+
; Option                                                                     ; Setting            ; Default Value      ;
+----------------------------------------------------------------------------+--------------------+--------------------+
; Device                                                                     ; EP4CE15F23C8       ;                    ;
; Top-level entity name                                                      ; Interface          ; NixieTube          ;
; Family name                                                                ; Cyclone IV E       ; Cyclone V          ;
; Use smart compilation                                                      ; Off                ; Off                ;
; Enable parallel Assembler and TimeQuest Timing Analyzer during compilation ; On                 ; On                 ;
; Enable compact report table                                                ; Off                ; Off                ;
; Restructure Multiplexers                                                   ; Auto               ; Auto               ;
; Create Debugging Nodes for IP Cores                                        ; Off                ; Off                ;
; Preserve fewer node names                                                  ; On                 ; On                 ;
; Disable OpenCore Plus hardware evaluation                                  ; Off                ; Off                ;
; Verilog Version                                                            ; Verilog_2001       ; Verilog_2001       ;
; VHDL Version                                                               ; VHDL_1993          ; VHDL_1993          ;
; State Machine Processing                                                   ; Auto               ; Auto               ;
; Safe State Machine                                                         ; Off                ; Off                ;
; Extract Verilog State Machines                                             ; On                 ; On                 ;
; Extract VHDL State Machines                                                ; On                 ; On                 ;
; Ignore Verilog initial constructs                                          ; Off                ; Off                ;
; Iteration limit for constant Verilog loops                                 ; 5000               ; 5000               ;
; Iteration limit for non-constant Verilog loops                             ; 250                ; 250                ;
; Add Pass-Through Logic to Inferred RAMs                                    ; On                 ; On                 ;
; Infer RAMs from Raw Logic                                                  ; On                 ; On                 ;
; Parallel Synthesis                                                         ; On                 ; On                 ;
; DSP Block Balancing                                                        ; Auto               ; Auto               ;
; NOT Gate Push-Back                                                         ; On                 ; On                 ;
; Power-Up Don't Care                                                        ; On                 ; On                 ;
; Remove Redundant Logic Cells                                               ; Off                ; Off                ;
; Remove Duplicate Registers                                                 ; On                 ; On                 ;
; Ignore CARRY Buffers                                                       ; Off                ; Off                ;
; Ignore CASCADE Buffers                                                     ; Off                ; Off                ;
; Ignore GLOBAL Buffers                                                      ; Off                ; Off                ;
; Ignore ROW GLOBAL Buffers                                                  ; Off                ; Off                ;
; Ignore LCELL Buffers                                                       ; Off                ; Off                ;
; Ignore SOFT Buffers                                                        ; On                 ; On                 ;
; Limit AHDL Integers to 32 Bits                                             ; Off                ; Off                ;
; Optimization Technique                                                     ; Balanced           ; Balanced           ;
; Carry Chain Length                                                         ; 70                 ; 70                 ;
; Auto Carry Chains                                                          ; On                 ; On                 ;
; Auto Open-Drain Pins                                                       ; On                 ; On                 ;
; Perform WYSIWYG Primitive Resynthesis                                      ; Off                ; Off                ;
; Auto ROM Replacement                                                       ; On                 ; On                 ;
; Auto RAM Replacement                                                       ; On                 ; On                 ;
; Auto DSP Block Replacement                                                 ; On                 ; On                 ;
; Auto Shift Register Replacement                                            ; Auto               ; Auto               ;
; Allow Shift Register Merging across Hierarchies                            ; Auto               ; Auto               ;
; Auto Clock Enable Replacement                                              ; On                 ; On                 ;
; Strict RAM Replacement                                                     ; Off                ; Off                ;
; Allow Synchronous Control Signals                                          ; On                 ; On                 ;
; Force Use of Synchronous Clear Signals                                     ; Off                ; Off                ;
; Auto RAM Block Balancing                                                   ; On                 ; On                 ;
; Auto RAM to Logic Cell Conversion                                          ; Off                ; Off                ;
; Auto Resource Sharing                                                      ; Off                ; Off                ;
; Allow Any RAM Size For Recognition                                         ; Off                ; Off                ;
; Allow Any ROM Size For Recognition                                         ; Off                ; Off                ;
; Allow Any Shift Register Size For Recognition                              ; Off                ; Off                ;
; Use LogicLock Constraints during Resource Balancing                        ; On                 ; On                 ;
; Ignore translate_off and synthesis_off directives                          ; Off                ; Off                ;
; Timing-Driven Synthesis                                                    ; On                 ; On                 ;
; Report Parameter Settings                                                  ; On                 ; On                 ;
; Report Source Assignments                                                  ; On                 ; On                 ;
; Report Connectivity Checks                                                 ; On                 ; On                 ;
; Ignore Maximum Fan-Out Assignments                                         ; Off                ; Off                ;
; Synchronization Register Chain Length                                      ; 2                  ; 2                  ;
; PowerPlay Power Optimization During Synthesis                              ; Normal compilation ; Normal compilation ;
; HDL message level                                                          ; Level2             ; Level2             ;
; Suppress Register Optimization Related Messages                            ; Off                ; Off                ;
; Number of Removed Registers Reported in Synthesis Report                   ; 5000               ; 5000               ;
; Number of Swept Nodes Reported in Synthesis Report                         ; 5000               ; 5000               ;
; Number of Inverted Registers Reported in Synthesis Report                  ; 100                ; 100                ;
; Clock MUX Protection                                                       ; On                 ; On                 ;
; Auto Gated Clock Conversion                                                ; Off                ; Off                ;
; Block Design Naming                                                        ; Auto               ; Auto               ;
; SDC constraint protection                                                  ; Off                ; Off                ;
; Synthesis Effort                                                           ; Auto               ; Auto               ;
; Shift Register Replacement - Allow Asynchronous Clear Signal               ; On                 ; On                 ;
; Pre-Mapping Resynthesis Optimization                                       ; Off                ; Off                ;
; Analysis & Synthesis Message Level                                         ; Medium             ; Medium             ;
; Disable Register Merging Across Hierarchies                                ; Auto               ; Auto               ;
; Resource Aware Inference For Block RAM                                     ; On                 ; On                 ;
; Synthesis Seed                                                             ; 1                  ; 1                  ;
+----------------------------------------------------------------------------+--------------------+--------------------+


+------------------------------------------+
; Parallel Compilation                     ;
+----------------------------+-------------+
; Processors                 ; Number      ;
+----------------------------+-------------+
; Number detected on machine ; 8           ;
; Maximum allowed            ; 4           ;
;                            ;             ;
; Average used               ; 1.00        ;
; Maximum used               ; 4           ;
;                            ;             ;
; Usage by Processor         ; % Time Used ;
;     Processor 1            ; 100.0%      ;
;     Processors 2-4         ; < 0.1%      ;
;     Processors 5-8         ;   0.0%      ;
+----------------------------+-------------+


+---------------------------------------------------------------------------------------------------------------------------------------------------------------------------+
; Analysis & Synthesis Source Files Read                                                                                                                                    ;
+----------------------------------+-----------------+------------------------------+-----------------------------------------------------------------------------+---------+
; File Name with User-Entered Path ; Used in Netlist ; File Type                    ; File Name with Absolute Path                                                ; Library ;
+----------------------------------+-----------------+------------------------------+-----------------------------------------------------------------------------+---------+
; Interface.v                      ; yes             ; User Verilog HDL File        ; E:/_13_EnglishPath/_01_AX515_Code/_02(NixieTube)/Interface.v                ;         ;
; Main.v                           ; yes             ; User Verilog HDL File        ; E:/_13_EnglishPath/_01_AX515_Code/_02(NixieTube)/Main.v                     ;         ;
; NixieTube.v                      ; yes             ; User Verilog HDL File        ; E:/_13_EnglishPath/_01_AX515_Code/_02(NixieTube)/NixieTube.v                ;         ;
; lpm_divide.tdf                   ; yes             ; Megafunction                 ; g:/altera/15.0/quartus/libraries/megafunctions/lpm_divide.tdf               ;         ;
; abs_divider.inc                  ; yes             ; Megafunction                 ; g:/altera/15.0/quartus/libraries/megafunctions/abs_divider.inc              ;         ;
; sign_div_unsign.inc              ; yes             ; Megafunction                 ; g:/altera/15.0/quartus/libraries/megafunctions/sign_div_unsign.inc          ;         ;
; aglobal150.inc                   ; yes             ; Megafunction                 ; g:/altera/15.0/quartus/libraries/megafunctions/aglobal150.inc               ;         ;
; db/lpm_divide_lcm.tdf            ; yes             ; Auto-Generated Megafunction  ; E:/_13_EnglishPath/_01_AX515_Code/_02(NixieTube)/db/lpm_divide_lcm.tdf      ;         ;
; db/sign_div_unsign_anh.tdf       ; yes             ; Auto-Generated Megafunction  ; E:/_13_EnglishPath/_01_AX515_Code/_02(NixieTube)/db/sign_div_unsign_anh.tdf ;         ;
; db/alt_u_div_8af.tdf             ; yes             ; Auto-Generated Megafunction  ; E:/_13_EnglishPath/_01_AX515_Code/_02(NixieTube)/db/alt_u_div_8af.tdf       ;         ;
; db/add_sub_7pc.tdf               ; yes             ; Auto-Generated Megafunction  ; E:/_13_EnglishPath/_01_AX515_Code/_02(NixieTube)/db/add_sub_7pc.tdf         ;         ;
; db/add_sub_8pc.tdf               ; yes             ; Auto-Generated Megafunction  ; E:/_13_EnglishPath/_01_AX515_Code/_02(NixieTube)/db/add_sub_8pc.tdf         ;         ;
; db/lpm_divide_4jm.tdf            ; yes             ; Auto-Generated Megafunction  ; E:/_13_EnglishPath/_01_AX515_Code/_02(NixieTube)/db/lpm_divide_4jm.tdf      ;         ;
; db/sign_div_unsign_slh.tdf       ; yes             ; Auto-Generated Megafunction  ; E:/_13_EnglishPath/_01_AX515_Code/_02(NixieTube)/db/sign_div_unsign_slh.tdf ;         ;
; db/alt_u_div_c7f.tdf             ; yes             ; Auto-Generated Megafunction  ; E:/_13_EnglishPath/_01_AX515_Code/_02(NixieTube)/db/alt_u_div_c7f.tdf       ;         ;
; db/lpm_divide_4bm.tdf            ; yes             ; Auto-Generated Megafunction  ; E:/_13_EnglishPath/_01_AX515_Code/_02(NixieTube)/db/lpm_divide_4bm.tdf      ;         ;
; db/sign_div_unsign_plh.tdf       ; yes             ; Auto-Generated Megafunction  ; E:/_13_EnglishPath/_01_AX515_Code/_02(NixieTube)/db/sign_div_unsign_plh.tdf ;         ;
; db/alt_u_div_67f.tdf             ; yes             ; Auto-Generated Megafunction  ; E:/_13_EnglishPath/_01_AX515_Code/_02(NixieTube)/db/alt_u_div_67f.tdf       ;         ;
; db/lpm_divide_1jm.tdf            ; yes             ; Auto-Generated Megafunction  ; E:/_13_EnglishPath/_01_AX515_Code/_02(NixieTube)/db/lpm_divide_1jm.tdf      ;         ;
; db/lpm_divide_ekm.tdf            ; yes             ; Auto-Generated Megafunction  ; E:/_13_EnglishPath/_01_AX515_Code/_02(NixieTube)/db/lpm_divide_ekm.tdf      ;         ;
; db/sign_div_unsign_6nh.tdf       ; yes             ; Auto-Generated Megafunction  ; E:/_13_EnglishPath/_01_AX515_Code/_02(NixieTube)/db/sign_div_unsign_6nh.tdf ;         ;
; db/alt_u_div_0af.tdf             ; yes             ; Auto-Generated Megafunction  ; E:/_13_EnglishPath/_01_AX515_Code/_02(NixieTube)/db/alt_u_div_0af.tdf       ;         ;
; db/lpm_divide_ikm.tdf            ; yes             ; Auto-Generated Megafunction  ; E:/_13_EnglishPath/_01_AX515_Code/_02(NixieTube)/db/lpm_divide_ikm.tdf      ;         ;
; db/lpm_divide_qcm.tdf            ; yes             ; Auto-Generated Megafunction  ; E:/_13_EnglishPath/_01_AX515_Code/_02(NixieTube)/db/lpm_divide_qcm.tdf      ;         ;
; db/sign_div_unsign_fnh.tdf       ; yes             ; Auto-Generated Megafunction  ; E:/_13_EnglishPath/_01_AX515_Code/_02(NixieTube)/db/sign_div_unsign_fnh.tdf ;         ;
; db/alt_u_div_iaf.tdf             ; yes             ; Auto-Generated Megafunction  ; E:/_13_EnglishPath/_01_AX515_Code/_02(NixieTube)/db/alt_u_div_iaf.tdf       ;         ;
; db/lpm_divide_h9m.tdf            ; yes             ; Auto-Generated Megafunction  ; E:/_13_EnglishPath/_01_AX515_Code/_02(NixieTube)/db/lpm_divide_h9m.tdf      ;         ;
; db/sign_div_unsign_6kh.tdf       ; yes             ; Auto-Generated Megafunction  ; E:/_13_EnglishPath/_01_AX515_Code/_02(NixieTube)/db/sign_div_unsign_6kh.tdf ;         ;
; db/alt_u_div_04f.tdf             ; yes             ; Auto-Generated Megafunction  ; E:/_13_EnglishPath/_01_AX515_Code/_02(NixieTube)/db/alt_u_div_04f.tdf       ;         ;
; db/lpm_divide_jcm.tdf            ; yes             ; Auto-Generated Megafunction  ; E:/_13_EnglishPath/_01_AX515_Code/_02(NixieTube)/db/lpm_divide_jcm.tdf      ;         ;
; db/sign_div_unsign_8nh.tdf       ; yes             ; Auto-Generated Megafunction  ; E:/_13_EnglishPath/_01_AX515_Code/_02(NixieTube)/db/sign_div_unsign_8nh.tdf ;         ;
; db/alt_u_div_4af.tdf             ; yes             ; Auto-Generated Megafunction  ; E:/_13_EnglishPath/_01_AX515_Code/_02(NixieTube)/db/alt_u_div_4af.tdf       ;         ;
; db/lpm_divide_ucm.tdf            ; yes             ; Auto-Generated Megafunction  ; E:/_13_EnglishPath/_01_AX515_Code/_02(NixieTube)/db/lpm_divide_ucm.tdf      ;         ;
; db/sign_div_unsign_inh.tdf       ; yes             ; Auto-Generated Megafunction  ; E:/_13_EnglishPath/_01_AX515_Code/_02(NixieTube)/db/sign_div_unsign_inh.tdf ;         ;
; db/alt_u_div_oaf.tdf             ; yes             ; Auto-Generated Megafunction  ; E:/_13_EnglishPath/_01_AX515_Code/_02(NixieTube)/db/alt_u_div_oaf.tdf       ;         ;
+----------------------------------+-----------------+------------------------------+-----------------------------------------------------------------------------+---------+


+------------------------------------------------------------------------------------------------------------------------------------------------------------------------------------+
; Analysis & Synthesis Resource Usage Summary                                                                                                                                        ;
+---------------------------------------------+--------------------------------------------------------------------------------------------------------------------------------------+
; Resource                                    ; Usage                                                                                                                                ;
+---------------------------------------------+--------------------------------------------------------------------------------------------------------------------------------------+
; Estimated Total logic elements              ; 1,946                                                                                                                                ;
;                                             ;                                                                                                                                      ;
; Total combinational functions               ; 1946                                                                                                                                 ;
; Logic element usage by number of LUT inputs ;                                                                                                                                      ;
;     -- 4 input functions                    ; 482                                                                                                                                  ;
;     -- 3 input functions                    ; 512                                                                                                                                  ;
;     -- <=2 input functions                  ; 952                                                                                                                                  ;
;                                             ;                                                                                                                                      ;
; Logic elements by mode                      ;                                                                                                                                      ;
;     -- normal mode                          ; 1333                                                                                                                                 ;
;     -- arithmetic mode                      ; 613                                                                                                                                  ;
;                                             ;                                                                                                                                      ;
; Total registers                             ; 69                                                                                                                                   ;
;     -- Dedicated logic registers            ; 69                                                                                                                                   ;
;     -- I/O registers                        ; 0                                                                                                                                    ;
;                                             ;                                                                                                                                      ;
; I/O pins                                    ; 15                                                                                                                                   ;
;                                             ;                                                                                                                                      ;
; Embedded Multiplier 9-bit elements          ; 0                                                                                                                                    ;
;                                             ;                                                                                                                                      ;
; Maximum fan-out node                        ; Main:U1|lpm_divide:Mod3|lpm_divide_lcm:auto_generated|sign_div_unsign_anh:divider|alt_u_div_8af:divider|add_sub_23_result_int[15]~22 ;
; Maximum fan-out                             ; 65                                                                                                                                   ;
; Total fan-out                               ; 5391                                                                                                                                 ;
; Average fan-out                             ; 2.61                                                                                                                                 ;
+---------------------------------------------+--------------------------------------------------------------------------------------------------------------------------------------+


+------------------------------------------------------------------------------------------------------------------------------------------------------------------------------------------------------------------------------------------------------------------------------------------------+
; Analysis & Synthesis Resource Utilization by Entity                                                                                                                                                                                                                                            ;
+-------------------------------------------+-------------------+--------------+-------------+--------------+---------+-----------+------+--------------+-------------------------------------------------------------------------------------------------------------------------+--------------+
; Compilation Hierarchy Node                ; LC Combinationals ; LC Registers ; Memory Bits ; DSP Elements ; DSP 9x9 ; DSP 18x18 ; Pins ; Virtual Pins ; Full Hierarchy Name                                                                                                     ; Library Name ;
+-------------------------------------------+-------------------+--------------+-------------+--------------+---------+-----------+------+--------------+-------------------------------------------------------------------------------------------------------------------------+--------------+
; |Interface                                ; 1946 (0)          ; 69 (0)       ; 0           ; 0            ; 0       ; 0         ; 15   ; 0            ; |Interface                                                                                                              ; work         ;
;    |Main:U1|                              ; 1123 (76)         ; 48 (48)      ; 0           ; 0            ; 0       ; 0         ; 0    ; 0            ; |Interface|Main:U1                                                                                                      ; work         ;
;       |lpm_divide:Mod0|                   ; 131 (0)           ; 0 (0)        ; 0           ; 0            ; 0       ; 0         ; 0    ; 0            ; |Interface|Main:U1|lpm_divide:Mod0                                                                                      ; work         ;
;          |lpm_divide_ucm:auto_generated|  ; 131 (0)           ; 0 (0)        ; 0           ; 0            ; 0       ; 0         ; 0    ; 0            ; |Interface|Main:U1|lpm_divide:Mod0|lpm_divide_ucm:auto_generated                                                        ; work         ;
;             |sign_div_unsign_inh:divider| ; 131 (0)           ; 0 (0)        ; 0           ; 0            ; 0       ; 0         ; 0    ; 0            ; |Interface|Main:U1|lpm_divide:Mod0|lpm_divide_ucm:auto_generated|sign_div_unsign_inh:divider                            ; work         ;
;                |alt_u_div_oaf:divider|    ; 131 (131)         ; 0 (0)        ; 0           ; 0            ; 0       ; 0         ; 0    ; 0            ; |Interface|Main:U1|lpm_divide:Mod0|lpm_divide_ucm:auto_generated|sign_div_unsign_inh:divider|alt_u_div_oaf:divider      ; work         ;
;       |lpm_divide:Mod1|                   ; 527 (0)           ; 0 (0)        ; 0           ; 0            ; 0       ; 0         ; 0    ; 0            ; |Interface|Main:U1|lpm_divide:Mod1                                                                                      ; work         ;
;          |lpm_divide_qcm:auto_generated|  ; 527 (0)           ; 0 (0)        ; 0           ; 0            ; 0       ; 0         ; 0    ; 0            ; |Interface|Main:U1|lpm_divide:Mod1|lpm_divide_qcm:auto_generated                                                        ; work         ;
;             |sign_div_unsign_fnh:divider| ; 527 (0)           ; 0 (0)        ; 0           ; 0            ; 0       ; 0         ; 0    ; 0            ; |Interface|Main:U1|lpm_divide:Mod1|lpm_divide_qcm:auto_generated|sign_div_unsign_fnh:divider                            ; work         ;
;                |alt_u_div_iaf:divider|    ; 527 (527)         ; 0 (0)        ; 0           ; 0            ; 0       ; 0         ; 0    ; 0            ; |Interface|Main:U1|lpm_divide:Mod1|lpm_divide_qcm:auto_generated|sign_div_unsign_fnh:divider|alt_u_div_iaf:divider      ; work         ;
;       |lpm_divide:Mod2|                   ; 98 (0)            ; 0 (0)        ; 0           ; 0            ; 0       ; 0         ; 0    ; 0            ; |Interface|Main:U1|lpm_divide:Mod2                                                                                      ; work         ;
;          |lpm_divide_jcm:auto_generated|  ; 98 (0)            ; 0 (0)        ; 0           ; 0            ; 0       ; 0         ; 0    ; 0            ; |Interface|Main:U1|lpm_divide:Mod2|lpm_divide_jcm:auto_generated                                                        ; work         ;
;             |sign_div_unsign_8nh:divider| ; 98 (0)            ; 0 (0)        ; 0           ; 0            ; 0       ; 0         ; 0    ; 0            ; |Interface|Main:U1|lpm_divide:Mod2|lpm_divide_jcm:auto_generated|sign_div_unsign_8nh:divider                            ; work         ;
;                |alt_u_div_4af:divider|    ; 98 (98)           ; 0 (0)        ; 0           ; 0            ; 0       ; 0         ; 0    ; 0            ; |Interface|Main:U1|lpm_divide:Mod2|lpm_divide_jcm:auto_generated|sign_div_unsign_8nh:divider|alt_u_div_4af:divider      ; work         ;
;       |lpm_divide:Mod3|                   ; 291 (0)           ; 0 (0)        ; 0           ; 0            ; 0       ; 0         ; 0    ; 0            ; |Interface|Main:U1|lpm_divide:Mod3                                                                                      ; work         ;
;          |lpm_divide_lcm:auto_generated|  ; 291 (0)           ; 0 (0)        ; 0           ; 0            ; 0       ; 0         ; 0    ; 0            ; |Interface|Main:U1|lpm_divide:Mod3|lpm_divide_lcm:auto_generated                                                        ; work         ;
;             |sign_div_unsign_anh:divider| ; 291 (0)           ; 0 (0)        ; 0           ; 0            ; 0       ; 0         ; 0    ; 0            ; |Interface|Main:U1|lpm_divide:Mod3|lpm_divide_lcm:auto_generated|sign_div_unsign_anh:divider                            ; work         ;
;                |alt_u_div_8af:divider|    ; 291 (291)         ; 0 (0)        ; 0           ; 0            ; 0       ; 0         ; 0    ; 0            ; |Interface|Main:U1|lpm_divide:Mod3|lpm_divide_lcm:auto_generated|sign_div_unsign_anh:divider|alt_u_div_8af:divider      ; work         ;
;    |NixieTube:U2|                         ; 823 (27)          ; 21 (21)      ; 0           ; 0            ; 0       ; 0         ; 0    ; 0            ; |Interface|NixieTube:U2                                                                                                 ; work         ;
;       |lpm_divide:Div0|                   ; 135 (0)           ; 0 (0)        ; 0           ; 0            ; 0       ; 0         ; 0    ; 0            ; |Interface|NixieTube:U2|lpm_divide:Div0                                                                                 ; work         ;
;          |lpm_divide_1jm:auto_generated|  ; 135 (0)           ; 0 (0)        ; 0           ; 0            ; 0       ; 0         ; 0    ; 0            ; |Interface|NixieTube:U2|lpm_divide:Div0|lpm_divide_1jm:auto_generated                                                   ; work         ;
;             |sign_div_unsign_plh:divider| ; 135 (0)           ; 0 (0)        ; 0           ; 0            ; 0       ; 0         ; 0    ; 0            ; |Interface|NixieTube:U2|lpm_divide:Div0|lpm_divide_1jm:auto_generated|sign_div_unsign_plh:divider                       ; work         ;
;                |alt_u_div_67f:divider|    ; 135 (135)         ; 0 (0)        ; 0           ; 0            ; 0       ; 0         ; 0    ; 0            ; |Interface|NixieTube:U2|lpm_divide:Div0|lpm_divide_1jm:auto_generated|sign_div_unsign_plh:divider|alt_u_div_67f:divider ; work         ;
;       |lpm_divide:Div1|                   ; 164 (0)           ; 0 (0)        ; 0           ; 0            ; 0       ; 0         ; 0    ; 0            ; |Interface|NixieTube:U2|lpm_divide:Div1                                                                                 ; work         ;
;          |lpm_divide_4jm:auto_generated|  ; 164 (0)           ; 0 (0)        ; 0           ; 0            ; 0       ; 0         ; 0    ; 0            ; |Interface|NixieTube:U2|lpm_divide:Div1|lpm_divide_4jm:auto_generated                                                   ; work         ;
;             |sign_div_unsign_slh:divider| ; 164 (0)           ; 0 (0)        ; 0           ; 0            ; 0       ; 0         ; 0    ; 0            ; |Interface|NixieTube:U2|lpm_divide:Div1|lpm_divide_4jm:auto_generated|sign_div_unsign_slh:divider                       ; work         ;
;                |alt_u_div_c7f:divider|    ; 164 (164)         ; 0 (0)        ; 0           ; 0            ; 0       ; 0         ; 0    ; 0            ; |Interface|NixieTube:U2|lpm_divide:Div1|lpm_divide_4jm:auto_generated|sign_div_unsign_slh:divider|alt_u_div_c7f:divider ; work         ;
;       |lpm_divide:Div2|                   ; 126 (0)           ; 0 (0)        ; 0           ; 0            ; 0       ; 0         ; 0    ; 0            ; |Interface|NixieTube:U2|lpm_divide:Div2                                                                                 ; work         ;
;          |lpm_divide_ekm:auto_generated|  ; 126 (0)           ; 0 (0)        ; 0           ; 0            ; 0       ; 0         ; 0    ; 0            ; |Interface|NixieTube:U2|lpm_divide:Div2|lpm_divide_ekm:auto_generated                                                   ; work         ;
;             |sign_div_unsign_6nh:divider| ; 126 (0)           ; 0 (0)        ; 0           ; 0            ; 0       ; 0         ; 0    ; 0            ; |Interface|NixieTube:U2|lpm_divide:Div2|lpm_divide_ekm:auto_generated|sign_div_unsign_6nh:divider                       ; work         ;
;                |alt_u_div_0af:divider|    ; 126 (126)         ; 0 (0)        ; 0           ; 0            ; 0       ; 0         ; 0    ; 0            ; |Interface|NixieTube:U2|lpm_divide:Div2|lpm_divide_ekm:auto_generated|sign_div_unsign_6nh:divider|alt_u_div_0af:divider ; work         ;
;       |lpm_divide:Div3|                   ; 12 (0)            ; 0 (0)        ; 0           ; 0            ; 0       ; 0         ; 0    ; 0            ; |Interface|NixieTube:U2|lpm_divide:Div3                                                                                 ; work         ;
;          |lpm_divide_ikm:auto_generated|  ; 12 (0)            ; 0 (0)        ; 0           ; 0            ; 0       ; 0         ; 0    ; 0            ; |Interface|NixieTube:U2|lpm_divide:Div3|lpm_divide_ikm:auto_generated                                                   ; work         ;
;             |sign_div_unsign_anh:divider| ; 12 (0)            ; 0 (0)        ; 0           ; 0            ; 0       ; 0         ; 0    ; 0            ; |Interface|NixieTube:U2|lpm_divide:Div3|lpm_divide_ikm:auto_generated|sign_div_unsign_anh:divider                       ; work         ;
;                |alt_u_div_8af:divider|    ; 12 (12)           ; 0 (0)        ; 0           ; 0            ; 0       ; 0         ; 0    ; 0            ; |Interface|NixieTube:U2|lpm_divide:Div3|lpm_divide_ikm:auto_generated|sign_div_unsign_anh:divider|alt_u_div_8af:divider ; work         ;
;       |lpm_divide:Mod0|                   ; 18 (0)            ; 0 (0)        ; 0           ; 0            ; 0       ; 0         ; 0    ; 0            ; |Interface|NixieTube:U2|lpm_divide:Mod0                                                                                 ; work         ;
;          |lpm_divide_h9m:auto_generated|  ; 18 (0)            ; 0 (0)        ; 0           ; 0            ; 0       ; 0         ; 0    ; 0            ; |Interface|NixieTube:U2|lpm_divide:Mod0|lpm_divide_h9m:auto_generated                                                   ; work         ;
;             |sign_div_unsign_6kh:divider| ; 18 (0)            ; 0 (0)        ; 0           ; 0            ; 0       ; 0         ; 0    ; 0            ; |Interface|NixieTube:U2|lpm_divide:Mod0|lpm_divide_h9m:auto_generated|sign_div_unsign_6kh:divider                       ; work         ;
;                |alt_u_div_04f:divider|    ; 18 (18)           ; 0 (0)        ; 0           ; 0            ; 0       ; 0         ; 0    ; 0            ; |Interface|NixieTube:U2|lpm_divide:Mod0|lpm_divide_h9m:auto_generated|sign_div_unsign_6kh:divider|alt_u_div_04f:divider ; work         ;
;       |lpm_divide:Mod1|                   ; 150 (0)           ; 0 (0)        ; 0           ; 0            ; 0       ; 0         ; 0    ; 0            ; |Interface|NixieTube:U2|lpm_divide:Mod1                                                                                 ; work         ;
;          |lpm_divide_4bm:auto_generated|  ; 150 (0)           ; 0 (0)        ; 0           ; 0            ; 0       ; 0         ; 0    ; 0            ; |Interface|NixieTube:U2|lpm_divide:Mod1|lpm_divide_4bm:auto_generated                                                   ; work         ;
;             |sign_div_unsign_plh:divider| ; 150 (0)           ; 0 (0)        ; 0           ; 0            ; 0       ; 0         ; 0    ; 0            ; |Interface|NixieTube:U2|lpm_divide:Mod1|lpm_divide_4bm:auto_generated|sign_div_unsign_plh:divider                       ; work         ;
;                |alt_u_div_67f:divider|    ; 150 (150)         ; 0 (0)        ; 0           ; 0            ; 0       ; 0         ; 0    ; 0            ; |Interface|NixieTube:U2|lpm_divide:Mod1|lpm_divide_4bm:auto_generated|sign_div_unsign_plh:divider|alt_u_div_67f:divider ; work         ;
;       |lpm_divide:Mod2|                   ; 101 (0)           ; 0 (0)        ; 0           ; 0            ; 0       ; 0         ; 0    ; 0            ; |Interface|NixieTube:U2|lpm_divide:Mod2                                                                                 ; work         ;
;          |lpm_divide_4bm:auto_generated|  ; 101 (0)           ; 0 (0)        ; 0           ; 0            ; 0       ; 0         ; 0    ; 0            ; |Interface|NixieTube:U2|lpm_divide:Mod2|lpm_divide_4bm:auto_generated                                                   ; work         ;
;             |sign_div_unsign_plh:divider| ; 101 (0)           ; 0 (0)        ; 0           ; 0            ; 0       ; 0         ; 0    ; 0            ; |Interface|NixieTube:U2|lpm_divide:Mod2|lpm_divide_4bm:auto_generated|sign_div_unsign_plh:divider                       ; work         ;
;                |alt_u_div_67f:divider|    ; 101 (101)         ; 0 (0)        ; 0           ; 0            ; 0       ; 0         ; 0    ; 0            ; |Interface|NixieTube:U2|lpm_divide:Mod2|lpm_divide_4bm:auto_generated|sign_div_unsign_plh:divider|alt_u_div_67f:divider ; work         ;
;       |lpm_divide:Mod3|                   ; 66 (0)            ; 0 (0)        ; 0           ; 0            ; 0       ; 0         ; 0    ; 0            ; |Interface|NixieTube:U2|lpm_divide:Mod3                                                                                 ; work         ;
;          |lpm_divide_4bm:auto_generated|  ; 66 (0)            ; 0 (0)        ; 0           ; 0            ; 0       ; 0         ; 0    ; 0            ; |Interface|NixieTube:U2|lpm_divide:Mod3|lpm_divide_4bm:auto_generated                                                   ; work         ;
;             |sign_div_unsign_plh:divider| ; 66 (0)            ; 0 (0)        ; 0           ; 0            ; 0       ; 0         ; 0    ; 0            ; |Interface|NixieTube:U2|lpm_divide:Mod3|lpm_divide_4bm:auto_generated|sign_div_unsign_plh:divider                       ; work         ;
;                |alt_u_div_67f:divider|    ; 66 (66)           ; 0 (0)        ; 0           ; 0            ; 0       ; 0         ; 0    ; 0            ; |Interface|NixieTube:U2|lpm_divide:Mod3|lpm_divide_4bm:auto_generated|sign_div_unsign_plh:divider|alt_u_div_67f:divider ; work         ;
;       |lpm_divide:Mod4|                   ; 24 (0)            ; 0 (0)        ; 0           ; 0            ; 0       ; 0         ; 0    ; 0            ; |Interface|NixieTube:U2|lpm_divide:Mod4                                                                                 ; work         ;
;          |lpm_divide_4bm:auto_generated|  ; 24 (0)            ; 0 (0)        ; 0           ; 0            ; 0       ; 0         ; 0    ; 0            ; |Interface|NixieTube:U2|lpm_divide:Mod4|lpm_divide_4bm:auto_generated                                                   ; work         ;
;             |sign_div_unsign_plh:divider| ; 24 (0)            ; 0 (0)        ; 0           ; 0            ; 0       ; 0         ; 0    ; 0            ; |Interface|NixieTube:U2|lpm_divide:Mod4|lpm_divide_4bm:auto_generated|sign_div_unsign_plh:divider                       ; work         ;
;                |alt_u_div_67f:divider|    ; 24 (24)           ; 0 (0)        ; 0           ; 0            ; 0       ; 0         ; 0    ; 0            ; |Interface|NixieTube:U2|lpm_divide:Mod4|lpm_divide_4bm:auto_generated|sign_div_unsign_plh:divider|alt_u_div_67f:divider ; work         ;
+-------------------------------------------+-------------------+--------------+-------------+--------------+---------+-----------+------+--------------+-------------------------------------------------------------------------------------------------------------------------+--------------+
Note: For table entries with two numbers listed, the numbers in parentheses indicate the number of resources of the given type used by the specific entity alone. The numbers listed outside of parentheses indicate the total resources of the given type used by the specific entity and all of its sub-entities in the hierarchy.


+---------------------------------------------------------------------------------+
; Registers Removed During Synthesis                                              ;
+----------------------------------------+----------------------------------------+
; Register name                          ; Reason for Removal                     ;
+----------------------------------------+----------------------------------------+
; Main:U1|clk_s[20..23]                  ; Stuck at GND due to stuck port data_in ;
; Main:U1|clk_20ns[27..63]               ; Stuck at GND due to stuck port data_in ;
; Total Number of Removed Registers = 41 ;                                        ;
+----------------------------------------+----------------------------------------+


+------------------------------------------------------+
; General Register Statistics                          ;
+----------------------------------------------+-------+
; Statistic                                    ; Value ;
+----------------------------------------------+-------+
; Total registers                              ; 69    ;
; Number of registers using Synchronous Clear  ; 0     ;
; Number of registers using Synchronous Load   ; 0     ;
; Number of registers using Asynchronous Clear ; 0     ;
; Number of registers using Asynchronous Load  ; 0     ;
; Number of registers using Clock Enable       ; 20    ;
; Number of registers using Preset             ; 0     ;
+----------------------------------------------+-------+


+---------------------------------------------------------------------------------------------------------------------------------------------------+
; Multiplexer Restructuring Statistics (Restructuring Performed)                                                                                    ;
+--------------------+-----------+---------------+----------------------+------------------------+------------+-------------------------------------+
; Multiplexer Inputs ; Bus Width ; Baseline Area ; Area if Restructured ; Saving if Restructured ; Registered ; Example Multiplexer Output          ;
+--------------------+-----------+---------------+----------------------+------------------------+------------+-------------------------------------+
; 8:1                ; 4 bits    ; 20 LEs        ; 16 LEs               ; 4 LEs                  ; Yes        ; |Interface|NixieTube:U2|Temp_Num[3] ;
+--------------------+-----------+---------------+----------------------+------------------------+------------+-------------------------------------+


+-----------------------------------------------------------+
; Parameter Settings for User Entity Instance: NixieTube:U2 ;
+----------------+----------+-------------------------------+
; Parameter Name ; Value    ; Type                          ;
+----------------+----------+-------------------------------+
; _0             ; 11000000 ; Unsigned Binary               ;
; _1             ; 11111001 ; Unsigned Binary               ;
; _2             ; 10100100 ; Unsigned Binary               ;
; _3             ; 10110000 ; Unsigned Binary               ;
; _4             ; 10011001 ; Unsigned Binary               ;
; _5             ; 10010010 ; Unsigned Binary               ;
; _6             ; 10000010 ; Unsigned Binary               ;
; _7             ; 11111000 ; Unsigned Binary               ;
; _8             ; 10000000 ; Unsigned Binary               ;
; _9             ; 10010000 ; Unsigned Binary               ;
+----------------+----------+-------------------------------+
Note: In order to hide this table in the UI and the text report file, please set the "Show Parameter Settings in Synthesis Report" option in "Analysis and Synthesis Settings -> More Settings" to "Off".


+--------------------------------------------------------------------------+
; Parameter Settings for Inferred Entity Instance: Main:U1|lpm_divide:Mod3 ;
+------------------------+----------------+--------------------------------+
; Parameter Name         ; Value          ; Type                           ;
+------------------------+----------------+--------------------------------+
; LPM_WIDTHN             ; 24             ; Untyped                        ;
; LPM_WIDTHD             ; 14             ; Untyped                        ;
; LPM_NREPRESENTATION    ; UNSIGNED       ; Untyped                        ;
; LPM_DREPRESENTATION    ; UNSIGNED       ; Untyped                        ;
; LPM_PIPELINE           ; 0              ; Untyped                        ;
; LPM_REMAINDERPOSITIVE  ; TRUE           ; Untyped                        ;
; MAXIMIZE_SPEED         ; 5              ; Untyped                        ;
; CBXI_PARAMETER         ; lpm_divide_lcm ; Untyped                        ;
; CARRY_CHAIN            ; MANUAL         ; Untyped                        ;
; OPTIMIZE_FOR_SPEED     ; 5              ; Untyped                        ;
; AUTO_CARRY_CHAINS      ; ON             ; AUTO_CARRY                     ;
; IGNORE_CARRY_BUFFERS   ; OFF            ; IGNORE_CARRY                   ;
; AUTO_CASCADE_CHAINS    ; ON             ; AUTO_CASCADE                   ;
; IGNORE_CASCADE_BUFFERS ; OFF            ; IGNORE_CASCADE                 ;
+------------------------+----------------+--------------------------------+
Note: In order to hide this table in the UI and the text report file, please set the "Show Parameter Settings in Synthesis Report" option in "Analysis and Synthesis Settings -> More Settings" to "Off".


+-------------------------------------------------------------------------------+
; Parameter Settings for Inferred Entity Instance: NixieTube:U2|lpm_divide:Div1 ;
+------------------------+----------------+-------------------------------------+
; Parameter Name         ; Value          ; Type                                ;
+------------------------+----------------+-------------------------------------+
; LPM_WIDTHN             ; 24             ; Untyped                             ;
; LPM_WIDTHD             ; 7              ; Untyped                             ;
; LPM_NREPRESENTATION    ; UNSIGNED       ; Untyped                             ;
; LPM_DREPRESENTATION    ; UNSIGNED       ; Untyped                             ;
; LPM_PIPELINE           ; 0              ; Untyped                             ;
; LPM_REMAINDERPOSITIVE  ; TRUE           ; Untyped                             ;
; MAXIMIZE_SPEED         ; 5              ; Untyped                             ;
; CBXI_PARAMETER         ; lpm_divide_4jm ; Untyped                             ;
; CARRY_CHAIN            ; MANUAL         ; Untyped                             ;
; OPTIMIZE_FOR_SPEED     ; 5              ; Untyped                             ;
; AUTO_CARRY_CHAINS      ; ON             ; AUTO_CARRY                          ;
; IGNORE_CARRY_BUFFERS   ; OFF            ; IGNORE_CARRY                        ;
; AUTO_CASCADE_CHAINS    ; ON             ; AUTO_CASCADE                        ;
; IGNORE_CASCADE_BUFFERS ; OFF            ; IGNORE_CASCADE                      ;
+------------------------+----------------+-------------------------------------+
Note: In order to hide this table in the UI and the text report file, please set the "Show Parameter Settings in Synthesis Report" option in "Analysis and Synthesis Settings -> More Settings" to "Off".


+-------------------------------------------------------------------------------+
; Parameter Settings for Inferred Entity Instance: NixieTube:U2|lpm_divide:Mod3 ;
+------------------------+----------------+-------------------------------------+
; Parameter Name         ; Value          ; Type                                ;
+------------------------+----------------+-------------------------------------+
; LPM_WIDTHN             ; 24             ; Untyped                             ;
; LPM_WIDTHD             ; 4              ; Untyped                             ;
; LPM_NREPRESENTATION    ; UNSIGNED       ; Untyped                             ;
; LPM_DREPRESENTATION    ; UNSIGNED       ; Untyped                             ;
; LPM_PIPELINE           ; 0              ; Untyped                             ;
; LPM_REMAINDERPOSITIVE  ; TRUE           ; Untyped                             ;
; MAXIMIZE_SPEED         ; 5              ; Untyped                             ;
; CBXI_PARAMETER         ; lpm_divide_4bm ; Untyped                             ;
; CARRY_CHAIN            ; MANUAL         ; Untyped                             ;
; OPTIMIZE_FOR_SPEED     ; 5              ; Untyped                             ;
; AUTO_CARRY_CHAINS      ; ON             ; AUTO_CARRY                          ;
; IGNORE_CARRY_BUFFERS   ; OFF            ; IGNORE_CARRY                        ;
; AUTO_CASCADE_CHAINS    ; ON             ; AUTO_CASCADE                        ;
; IGNORE_CASCADE_BUFFERS ; OFF            ; IGNORE_CASCADE                      ;
+------------------------+----------------+-------------------------------------+
Note: In order to hide this table in the UI and the text report file, please set the "Show Parameter Settings in Synthesis Report" option in "Analysis and Synthesis Settings -> More Settings" to "Off".


+-------------------------------------------------------------------------------+
; Parameter Settings for Inferred Entity Instance: NixieTube:U2|lpm_divide:Div0 ;
+------------------------+----------------+-------------------------------------+
; Parameter Name         ; Value          ; Type                                ;
+------------------------+----------------+-------------------------------------+
; LPM_WIDTHN             ; 24             ; Untyped                             ;
; LPM_WIDTHD             ; 4              ; Untyped                             ;
; LPM_NREPRESENTATION    ; UNSIGNED       ; Untyped                             ;
; LPM_DREPRESENTATION    ; UNSIGNED       ; Untyped                             ;
; LPM_PIPELINE           ; 0              ; Untyped                             ;
; LPM_REMAINDERPOSITIVE  ; TRUE           ; Untyped                             ;
; MAXIMIZE_SPEED         ; 5              ; Untyped                             ;
; CBXI_PARAMETER         ; lpm_divide_1jm ; Untyped                             ;
; CARRY_CHAIN            ; MANUAL         ; Untyped                             ;
; OPTIMIZE_FOR_SPEED     ; 5              ; Untyped                             ;
; AUTO_CARRY_CHAINS      ; ON             ; AUTO_CARRY                          ;
; IGNORE_CARRY_BUFFERS   ; OFF            ; IGNORE_CARRY                        ;
; AUTO_CASCADE_CHAINS    ; ON             ; AUTO_CASCADE                        ;
; IGNORE_CASCADE_BUFFERS ; OFF            ; IGNORE_CASCADE                      ;
+------------------------+----------------+-------------------------------------+
Note: In order to hide this table in the UI and the text report file, please set the "Show Parameter Settings in Synthesis Report" option in "Analysis and Synthesis Settings -> More Settings" to "Off".


+-------------------------------------------------------------------------------+
; Parameter Settings for Inferred Entity Instance: NixieTube:U2|lpm_divide:Mod2 ;
+------------------------+----------------+-------------------------------------+
; Parameter Name         ; Value          ; Type                                ;
+------------------------+----------------+-------------------------------------+
; LPM_WIDTHN             ; 24             ; Untyped                             ;
; LPM_WIDTHD             ; 4              ; Untyped                             ;
; LPM_NREPRESENTATION    ; UNSIGNED       ; Untyped                             ;
; LPM_DREPRESENTATION    ; UNSIGNED       ; Untyped                             ;
; LPM_PIPELINE           ; 0              ; Untyped                             ;
; LPM_REMAINDERPOSITIVE  ; TRUE           ; Untyped                             ;
; MAXIMIZE_SPEED         ; 5              ; Untyped                             ;
; CBXI_PARAMETER         ; lpm_divide_4bm ; Untyped                             ;
; CARRY_CHAIN            ; MANUAL         ; Untyped                             ;
; OPTIMIZE_FOR_SPEED     ; 5              ; Untyped                             ;
; AUTO_CARRY_CHAINS      ; ON             ; AUTO_CARRY                          ;
; IGNORE_CARRY_BUFFERS   ; OFF            ; IGNORE_CARRY                        ;
; AUTO_CASCADE_CHAINS    ; ON             ; AUTO_CASCADE                        ;
; IGNORE_CASCADE_BUFFERS ; OFF            ; IGNORE_CASCADE                      ;
+------------------------+----------------+-------------------------------------+
Note: In order to hide this table in the UI and the text report file, please set the "Show Parameter Settings in Synthesis Report" option in "Analysis and Synthesis Settings -> More Settings" to "Off".


+-------------------------------------------------------------------------------+
; Parameter Settings for Inferred Entity Instance: NixieTube:U2|lpm_divide:Mod1 ;
+------------------------+----------------+-------------------------------------+
; Parameter Name         ; Value          ; Type                                ;
+------------------------+----------------+-------------------------------------+
; LPM_WIDTHN             ; 24             ; Untyped                             ;
; LPM_WIDTHD             ; 4              ; Untyped                             ;
; LPM_NREPRESENTATION    ; UNSIGNED       ; Untyped                             ;
; LPM_DREPRESENTATION    ; UNSIGNED       ; Untyped                             ;
; LPM_PIPELINE           ; 0              ; Untyped                             ;
; LPM_REMAINDERPOSITIVE  ; TRUE           ; Untyped                             ;
; MAXIMIZE_SPEED         ; 5              ; Untyped                             ;
; CBXI_PARAMETER         ; lpm_divide_4bm ; Untyped                             ;
; CARRY_CHAIN            ; MANUAL         ; Untyped                             ;
; OPTIMIZE_FOR_SPEED     ; 5              ; Untyped                             ;
; AUTO_CARRY_CHAINS      ; ON             ; AUTO_CARRY                          ;
; IGNORE_CARRY_BUFFERS   ; OFF            ; IGNORE_CARRY                        ;
; AUTO_CASCADE_CHAINS    ; ON             ; AUTO_CASCADE                        ;
; IGNORE_CASCADE_BUFFERS ; OFF            ; IGNORE_CASCADE                      ;
+------------------------+----------------+-------------------------------------+
Note: In order to hide this table in the UI and the text report file, please set the "Show Parameter Settings in Synthesis Report" option in "Analysis and Synthesis Settings -> More Settings" to "Off".


+-------------------------------------------------------------------------------+
; Parameter Settings for Inferred Entity Instance: NixieTube:U2|lpm_divide:Div2 ;
+------------------------+----------------+-------------------------------------+
; Parameter Name         ; Value          ; Type                                ;
+------------------------+----------------+-------------------------------------+
; LPM_WIDTHN             ; 24             ; Untyped                             ;
; LPM_WIDTHD             ; 10             ; Untyped                             ;
; LPM_NREPRESENTATION    ; UNSIGNED       ; Untyped                             ;
; LPM_DREPRESENTATION    ; UNSIGNED       ; Untyped                             ;
; LPM_PIPELINE           ; 0              ; Untyped                             ;
; LPM_REMAINDERPOSITIVE  ; TRUE           ; Untyped                             ;
; MAXIMIZE_SPEED         ; 5              ; Untyped                             ;
; CBXI_PARAMETER         ; lpm_divide_ekm ; Untyped                             ;
; CARRY_CHAIN            ; MANUAL         ; Untyped                             ;
; OPTIMIZE_FOR_SPEED     ; 5              ; Untyped                             ;
; AUTO_CARRY_CHAINS      ; ON             ; AUTO_CARRY                          ;
; IGNORE_CARRY_BUFFERS   ; OFF            ; IGNORE_CARRY                        ;
; AUTO_CASCADE_CHAINS    ; ON             ; AUTO_CASCADE                        ;
; IGNORE_CASCADE_BUFFERS ; OFF            ; IGNORE_CASCADE                      ;
+------------------------+----------------+-------------------------------------+
Note: In order to hide this table in the UI and the text report file, please set the "Show Parameter Settings in Synthesis Report" option in "Analysis and Synthesis Settings -> More Settings" to "Off".


+-------------------------------------------------------------------------------+
; Parameter Settings for Inferred Entity Instance: NixieTube:U2|lpm_divide:Mod4 ;
+------------------------+----------------+-------------------------------------+
; Parameter Name         ; Value          ; Type                                ;
+------------------------+----------------+-------------------------------------+
; LPM_WIDTHN             ; 24             ; Untyped                             ;
; LPM_WIDTHD             ; 4              ; Untyped                             ;
; LPM_NREPRESENTATION    ; UNSIGNED       ; Untyped                             ;
; LPM_DREPRESENTATION    ; UNSIGNED       ; Untyped                             ;
; LPM_PIPELINE           ; 0              ; Untyped                             ;
; LPM_REMAINDERPOSITIVE  ; TRUE           ; Untyped                             ;
; MAXIMIZE_SPEED         ; 5              ; Untyped                             ;
; CBXI_PARAMETER         ; lpm_divide_4bm ; Untyped                             ;
; CARRY_CHAIN            ; MANUAL         ; Untyped                             ;
; OPTIMIZE_FOR_SPEED     ; 5              ; Untyped                             ;
; AUTO_CARRY_CHAINS      ; ON             ; AUTO_CARRY                          ;
; IGNORE_CARRY_BUFFERS   ; OFF            ; IGNORE_CARRY                        ;
; AUTO_CASCADE_CHAINS    ; ON             ; AUTO_CASCADE                        ;
; IGNORE_CASCADE_BUFFERS ; OFF            ; IGNORE_CASCADE                      ;
+------------------------+----------------+-------------------------------------+
Note: In order to hide this table in the UI and the text report file, please set the "Show Parameter Settings in Synthesis Report" option in "Analysis and Synthesis Settings -> More Settings" to "Off".


+-------------------------------------------------------------------------------+
; Parameter Settings for Inferred Entity Instance: NixieTube:U2|lpm_divide:Div3 ;
+------------------------+----------------+-------------------------------------+
; Parameter Name         ; Value          ; Type                                ;
+------------------------+----------------+-------------------------------------+
; LPM_WIDTHN             ; 24             ; Untyped                             ;
; LPM_WIDTHD             ; 14             ; Untyped                             ;
; LPM_NREPRESENTATION    ; UNSIGNED       ; Untyped                             ;
; LPM_DREPRESENTATION    ; UNSIGNED       ; Untyped                             ;
; LPM_PIPELINE           ; 0              ; Untyped                             ;
; LPM_REMAINDERPOSITIVE  ; TRUE           ; Untyped                             ;
; MAXIMIZE_SPEED         ; 5              ; Untyped                             ;
; CBXI_PARAMETER         ; lpm_divide_ikm ; Untyped                             ;
; CARRY_CHAIN            ; MANUAL         ; Untyped                             ;
; OPTIMIZE_FOR_SPEED     ; 5              ; Untyped                             ;
; AUTO_CARRY_CHAINS      ; ON             ; AUTO_CARRY                          ;
; IGNORE_CARRY_BUFFERS   ; OFF            ; IGNORE_CARRY                        ;
; AUTO_CASCADE_CHAINS    ; ON             ; AUTO_CASCADE                        ;
; IGNORE_CASCADE_BUFFERS ; OFF            ; IGNORE_CASCADE                      ;
+------------------------+----------------+-------------------------------------+
Note: In order to hide this table in the UI and the text report file, please set the "Show Parameter Settings in Synthesis Report" option in "Analysis and Synthesis Settings -> More Settings" to "Off".


+-------------------------------------------------------------------------------+
; Parameter Settings for Inferred Entity Instance: NixieTube:U2|lpm_divide:Mod5 ;
+------------------------+----------------+-------------------------------------+
; Parameter Name         ; Value          ; Type                                ;
+------------------------+----------------+-------------------------------------+
; LPM_WIDTHN             ; 24             ; Untyped                             ;
; LPM_WIDTHD             ; 4              ; Untyped                             ;
; LPM_NREPRESENTATION    ; UNSIGNED       ; Untyped                             ;
; LPM_DREPRESENTATION    ; UNSIGNED       ; Untyped                             ;
; LPM_PIPELINE           ; 0              ; Untyped                             ;
; LPM_REMAINDERPOSITIVE  ; TRUE           ; Untyped                             ;
; MAXIMIZE_SPEED         ; 5              ; Untyped                             ;
; CBXI_PARAMETER         ; lpm_divide_4bm ; Untyped                             ;
; CARRY_CHAIN            ; MANUAL         ; Untyped                             ;
; OPTIMIZE_FOR_SPEED     ; 5              ; Untyped                             ;
; AUTO_CARRY_CHAINS      ; ON             ; AUTO_CARRY                          ;
; IGNORE_CARRY_BUFFERS   ; OFF            ; IGNORE_CARRY                        ;
; AUTO_CASCADE_CHAINS    ; ON             ; AUTO_CASCADE                        ;
; IGNORE_CASCADE_BUFFERS ; OFF            ; IGNORE_CASCADE                      ;
+------------------------+----------------+-------------------------------------+
Note: In order to hide this table in the UI and the text report file, please set the "Show Parameter Settings in Synthesis Report" option in "Analysis and Synthesis Settings -> More Settings" to "Off".


+--------------------------------------------------------------------------+
; Parameter Settings for Inferred Entity Instance: Main:U1|lpm_divide:Mod1 ;
+------------------------+----------------+--------------------------------+
; Parameter Name         ; Value          ; Type                           ;
+------------------------+----------------+--------------------------------+
; LPM_WIDTHN             ; 64             ; Untyped                        ;
; LPM_WIDTHD             ; 15             ; Untyped                        ;
; LPM_NREPRESENTATION    ; UNSIGNED       ; Untyped                        ;
; LPM_DREPRESENTATION    ; UNSIGNED       ; Untyped                        ;
; LPM_PIPELINE           ; 0              ; Untyped                        ;
; LPM_REMAINDERPOSITIVE  ; TRUE           ; Untyped                        ;
; MAXIMIZE_SPEED         ; 5              ; Untyped                        ;
; CBXI_PARAMETER         ; lpm_divide_qcm ; Untyped                        ;
; CARRY_CHAIN            ; MANUAL         ; Untyped                        ;
; OPTIMIZE_FOR_SPEED     ; 5              ; Untyped                        ;
; AUTO_CARRY_CHAINS      ; ON             ; AUTO_CARRY                     ;
; IGNORE_CARRY_BUFFERS   ; OFF            ; IGNORE_CARRY                   ;
; AUTO_CASCADE_CHAINS    ; ON             ; AUTO_CASCADE                   ;
; IGNORE_CASCADE_BUFFERS ; OFF            ; IGNORE_CASCADE                 ;
+------------------------+----------------+--------------------------------+
Note: In order to hide this table in the UI and the text report file, please set the "Show Parameter Settings in Synthesis Report" option in "Analysis and Synthesis Settings -> More Settings" to "Off".


+-------------------------------------------------------------------------------+
; Parameter Settings for Inferred Entity Instance: NixieTube:U2|lpm_divide:Mod0 ;
+------------------------+----------------+-------------------------------------+
; Parameter Name         ; Value          ; Type                                ;
+------------------------+----------------+-------------------------------------+
; LPM_WIDTHN             ; 4              ; Untyped                             ;
; LPM_WIDTHD             ; 3              ; Untyped                             ;
; LPM_NREPRESENTATION    ; UNSIGNED       ; Untyped                             ;
; LPM_DREPRESENTATION    ; UNSIGNED       ; Untyped                             ;
; LPM_PIPELINE           ; 0              ; Untyped                             ;
; LPM_REMAINDERPOSITIVE  ; TRUE           ; Untyped                             ;
; MAXIMIZE_SPEED         ; 5              ; Untyped                             ;
; CBXI_PARAMETER         ; lpm_divide_h9m ; Untyped                             ;
; CARRY_CHAIN            ; MANUAL         ; Untyped                             ;
; OPTIMIZE_FOR_SPEED     ; 5              ; Untyped                             ;
; AUTO_CARRY_CHAINS      ; ON             ; AUTO_CARRY                          ;
; IGNORE_CARRY_BUFFERS   ; OFF            ; IGNORE_CARRY                        ;
; AUTO_CASCADE_CHAINS    ; ON             ; AUTO_CASCADE                        ;
; IGNORE_CASCADE_BUFFERS ; OFF            ; IGNORE_CASCADE                      ;
+------------------------+----------------+-------------------------------------+
Note: In order to hide this table in the UI and the text report file, please set the "Show Parameter Settings in Synthesis Report" option in "Analysis and Synthesis Settings -> More Settings" to "Off".


+--------------------------------------------------------------------------+
; Parameter Settings for Inferred Entity Instance: Main:U1|lpm_divide:Mod2 ;
+------------------------+----------------+--------------------------------+
; Parameter Name         ; Value          ; Type                           ;
+------------------------+----------------+--------------------------------+
; LPM_WIDTHN             ; 25             ; Untyped                        ;
; LPM_WIDTHD             ; 20             ; Untyped                        ;
; LPM_NREPRESENTATION    ; UNSIGNED       ; Untyped                        ;
; LPM_DREPRESENTATION    ; UNSIGNED       ; Untyped                        ;
; LPM_PIPELINE           ; 0              ; Untyped                        ;
; LPM_REMAINDERPOSITIVE  ; TRUE           ; Untyped                        ;
; MAXIMIZE_SPEED         ; 5              ; Untyped                        ;
; CBXI_PARAMETER         ; lpm_divide_jcm ; Untyped                        ;
; CARRY_CHAIN            ; MANUAL         ; Untyped                        ;
; OPTIMIZE_FOR_SPEED     ; 5              ; Untyped                        ;
; AUTO_CARRY_CHAINS      ; ON             ; AUTO_CARRY                     ;
; IGNORE_CARRY_BUFFERS   ; OFF            ; IGNORE_CARRY                   ;
; AUTO_CASCADE_CHAINS    ; ON             ; AUTO_CASCADE                   ;
; IGNORE_CASCADE_BUFFERS ; OFF            ; IGNORE_CASCADE                 ;
+------------------------+----------------+--------------------------------+
Note: In order to hide this table in the UI and the text report file, please set the "Show Parameter Settings in Synthesis Report" option in "Analysis and Synthesis Settings -> More Settings" to "Off".


+--------------------------------------------------------------------------+
; Parameter Settings for Inferred Entity Instance: Main:U1|lpm_divide:Mod0 ;
+------------------------+----------------+--------------------------------+
; Parameter Name         ; Value          ; Type                           ;
+------------------------+----------------+--------------------------------+
; LPM_WIDTHN             ; 64             ; Untyped                        ;
; LPM_WIDTHD             ; 27             ; Untyped                        ;
; LPM_NREPRESENTATION    ; UNSIGNED       ; Untyped                        ;
; LPM_DREPRESENTATION    ; UNSIGNED       ; Untyped                        ;
; LPM_PIPELINE           ; 0              ; Untyped                        ;
; LPM_REMAINDERPOSITIVE  ; TRUE           ; Untyped                        ;
; MAXIMIZE_SPEED         ; 5              ; Untyped                        ;
; CBXI_PARAMETER         ; lpm_divide_ucm ; Untyped                        ;
; CARRY_CHAIN            ; MANUAL         ; Untyped                        ;
; OPTIMIZE_FOR_SPEED     ; 5              ; Untyped                        ;
; AUTO_CARRY_CHAINS      ; ON             ; AUTO_CARRY                     ;
; IGNORE_CARRY_BUFFERS   ; OFF            ; IGNORE_CARRY                   ;
; AUTO_CASCADE_CHAINS    ; ON             ; AUTO_CASCADE                   ;
; IGNORE_CASCADE_BUFFERS ; OFF            ; IGNORE_CASCADE                 ;
+------------------------+----------------+--------------------------------+
Note: In order to hide this table in the UI and the text report file, please set the "Show Parameter Settings in Synthesis Report" option in "Analysis and Synthesis Settings -> More Settings" to "Off".


+-----------------------------------------------------+
; Post-Synthesis Netlist Statistics for Top Partition ;
+-----------------------+-----------------------------+
; Type                  ; Count                       ;
+-----------------------+-----------------------------+
; boundary_port         ; 15                          ;
; cycloneiii_ff         ; 69                          ;
;     ENA               ; 20                          ;
;     plain             ; 49                          ;
; cycloneiii_lcell_comb ; 1964                        ;
;     arith             ; 613                         ;
;         1 data inputs ; 12                          ;
;         2 data inputs ; 135                         ;
;         3 data inputs ; 466                         ;
;     normal            ; 1351                        ;
;         0 data inputs ; 79                          ;
;         1 data inputs ; 30                          ;
;         2 data inputs ; 714                         ;
;         3 data inputs ; 46                          ;
;         4 data inputs ; 482                         ;
;                       ;                             ;
; Max LUT depth         ; 52.10                       ;
; Average LUT depth     ; 39.39                       ;
+-----------------------+-----------------------------+


+-------------------------------+
; Elapsed Time Per Partition    ;
+----------------+--------------+
; Partition Name ; Elapsed Time ;
+----------------+--------------+
; Top            ; 00:00:13     ;
+----------------+--------------+


+-------------------------------+
; Analysis & Synthesis Messages ;
+-------------------------------+
Info: *******************************************************************
Info: Running Quartus II 64-Bit Analysis & Synthesis
    Info: Version 15.0.1 Build 150 06/03/2015 SJ Full Version
    Info: Processing started: Fri Oct 28 22:23:52 2016
Info: Command: quartus_map --read_settings_files=on --write_settings_files=off NixieTube -c NixieTube
Info (11104): Parallel Compilation has detected 8 hyper-threaded processors. However, the extra hyper-threaded processors will not be used by default. Parallel Compilation will use 4 of the 4 physical processors detected instead.
Info (12021): Found 1 design units, including 1 entities, in source file interface.v
    Info (12023): Found entity 1: Interface
Info (12021): Found 1 design units, including 1 entities, in source file main.v
    Info (12023): Found entity 1: Main
Info (12021): Found 1 design units, including 1 entities, in source file nixietube.v
    Info (12023): Found entity 1: NixieTube
Info (12127): Elaborating entity "Interface" for the top level hierarchy
Info (12128): Elaborating entity "Main" for hierarchy "Main:U1"
Warning (10230): Verilog HDL assignment warning at Main.v(30): truncated value with size 32 to match size of target (24)
Warning (10230): Verilog HDL assignment warning at Main.v(38): truncated value with size 32 to match size of target (24)
Info (12128): Elaborating entity "NixieTube" for hierarchy "NixieTube:U2"
Warning (10230): Verilog HDL assignment warning at NixieTube.v(35): truncated value with size 32 to match size of target (3)
Warning (10230): Verilog HDL assignment warning at NixieTube.v(66): truncated value with size 32 to match size of target (4)
Warning (10230): Verilog HDL assignment warning at NixieTube.v(67): truncated value with size 32 to match size of target (4)
Warning (10230): Verilog HDL assignment warning at NixieTube.v(68): truncated value with size 32 to match size of target (4)
Warning (10230): Verilog HDL assignment warning at NixieTube.v(69): truncated value with size 32 to match size of target (4)
Warning (10230): Verilog HDL assignment warning at NixieTube.v(70): truncated value with size 32 to match size of target (4)
Warning (10230): Verilog HDL assignment warning at NixieTube.v(71): truncated value with size 32 to match size of target (4)
Info (278001): Inferred 14 megafunctions from design logic
    Info (278004): Inferred divider/modulo megafunction ("lpm_divide") from the following logic: "Main:U1|Mod3"
    Info (278004): Inferred divider/modulo megafunction ("lpm_divide") from the following logic: "NixieTube:U2|Div1"
    Info (278004): Inferred divider/modulo megafunction ("lpm_divide") from the following logic: "NixieTube:U2|Mod3"
    Info (278004): Inferred divider/modulo megafunction ("lpm_divide") from the following logic: "NixieTube:U2|Div0"
    Info (278004): Inferred divider/modulo megafunction ("lpm_divide") from the following logic: "NixieTube:U2|Mod2"
    Info (278004): Inferred divider/modulo megafunction ("lpm_divide") from the following logic: "NixieTube:U2|Mod1"
    Info (278004): Inferred divider/modulo megafunction ("lpm_divide") from the following logic: "NixieTube:U2|Div2"
    Info (278004): Inferred divider/modulo megafunction ("lpm_divide") from the following logic: "NixieTube:U2|Mod4"
    Info (278004): Inferred divider/modulo megafunction ("lpm_divide") from the following logic: "NixieTube:U2|Div3"
    Info (278004): Inferred divider/modulo megafunction ("lpm_divide") from the following logic: "NixieTube:U2|Mod5"
    Info (278004): Inferred divider/modulo megafunction ("lpm_divide") from the following logic: "Main:U1|Mod1"
    Info (278004): Inferred divider/modulo megafunction ("lpm_divide") from the following logic: "NixieTube:U2|Mod0"
    Info (278004): Inferred divider/modulo megafunction ("lpm_divide") from the following logic: "Main:U1|Mod2"
    Info (278004): Inferred divider/modulo megafunction ("lpm_divide") from the following logic: "Main:U1|Mod0"
Info (12130): Elaborated megafunction instantiation "Main:U1|lpm_divide:Mod3"
Info (12133): Instantiated megafunction "Main:U1|lpm_divide:Mod3" with the following parameter:
    Info (12134): Parameter "LPM_WIDTHN" = "24"
    Info (12134): Parameter "LPM_WIDTHD" = "14"
    Info (12134): Parameter "LPM_NREPRESENTATION" = "UNSIGNED"
    Info (12134): Parameter "LPM_DREPRESENTATION" = "UNSIGNED"
Info (12021): Found 1 design units, including 1 entities, in source file db/lpm_divide_lcm.tdf
    Info (12023): Found entity 1: lpm_divide_lcm
Info (12021): Found 1 design units, including 1 entities, in source file db/sign_div_unsign_anh.tdf
    Info (12023): Found entity 1: sign_div_unsign_anh
Info (12021): Found 1 design units, including 1 entities, in source file db/alt_u_div_8af.tdf
    Info (12023): Found entity 1: alt_u_div_8af
Info (12021): Found 1 design units, including 1 entities, in source file db/add_sub_7pc.tdf
    Info (12023): Found entity 1: add_sub_7pc
Info (12021): Found 1 design units, including 1 entities, in source file db/add_sub_8pc.tdf
    Info (12023): Found entity 1: add_sub_8pc
Info (12130): Elaborated megafunction instantiation "NixieTube:U2|lpm_divide:Div1"
Info (12133): Instantiated megafunction "NixieTube:U2|lpm_divide:Div1" with the following parameter:
    Info (12134): Parameter "LPM_WIDTHN" = "24"
    Info (12134): Parameter "LPM_WIDTHD" = "7"
    Info (12134): Parameter "LPM_NREPRESENTATION" = "UNSIGNED"
    Info (12134): Parameter "LPM_DREPRESENTATION" = "UNSIGNED"
Info (12021): Found 1 design units, including 1 entities, in source file db/lpm_divide_4jm.tdf
    Info (12023): Found entity 1: lpm_divide_4jm
Info (12021): Found 1 design units, including 1 entities, in source file db/sign_div_unsign_slh.tdf
    Info (12023): Found entity 1: sign_div_unsign_slh
Info (12021): Found 1 design units, including 1 entities, in source file db/alt_u_div_c7f.tdf
    Info (12023): Found entity 1: alt_u_div_c7f
Info (12130): Elaborated megafunction instantiation "NixieTube:U2|lpm_divide:Mod3"
Info (12133): Instantiated megafunction "NixieTube:U2|lpm_divide:Mod3" with the following parameter:
    Info (12134): Parameter "LPM_WIDTHN" = "24"
    Info (12134): Parameter "LPM_WIDTHD" = "4"
    Info (12134): Parameter "LPM_NREPRESENTATION" = "UNSIGNED"
    Info (12134): Parameter "LPM_DREPRESENTATION" = "UNSIGNED"
Info (12021): Found 1 design units, including 1 entities, in source file db/lpm_divide_4bm.tdf
    Info (12023): Found entity 1: lpm_divide_4bm
Info (12021): Found 1 design units, including 1 entities, in source file db/sign_div_unsign_plh.tdf
    Info (12023): Found entity 1: sign_div_unsign_plh
Info (12021): Found 1 design units, including 1 entities, in source file db/alt_u_div_67f.tdf
    Info (12023): Found entity 1: alt_u_div_67f
Info (12130): Elaborated megafunction instantiation "NixieTube:U2|lpm_divide:Div0"
Info (12133): Instantiated megafunction "NixieTube:U2|lpm_divide:Div0" with the following parameter:
    Info (12134): Parameter "LPM_WIDTHN" = "24"
    Info (12134): Parameter "LPM_WIDTHD" = "4"
    Info (12134): Parameter "LPM_NREPRESENTATION" = "UNSIGNED"
    Info (12134): Parameter "LPM_DREPRESENTATION" = "UNSIGNED"
Info (12021): Found 1 design units, including 1 entities, in source file db/lpm_divide_1jm.tdf
    Info (12023): Found entity 1: lpm_divide_1jm
Info (12130): Elaborated megafunction instantiation "NixieTube:U2|lpm_divide:Mod1"
Info (12133): Instantiated megafunction "NixieTube:U2|lpm_divide:Mod1" with the following parameter:
    Info (12134): Parameter "LPM_WIDTHN" = "24"
    Info (12134): Parameter "LPM_WIDTHD" = "4"
    Info (12134): Parameter "LPM_NREPRESENTATION" = "UNSIGNED"
    Info (12134): Parameter "LPM_DREPRESENTATION" = "UNSIGNED"
Info (12130): Elaborated megafunction instantiation "NixieTube:U2|lpm_divide:Div2"
Info (12133): Instantiated megafunction "NixieTube:U2|lpm_divide:Div2" with the following parameter:
    Info (12134): Parameter "LPM_WIDTHN" = "24"
    Info (12134): Parameter "LPM_WIDTHD" = "10"
    Info (12134): Parameter "LPM_NREPRESENTATION" = "UNSIGNED"
    Info (12134): Parameter "LPM_DREPRESENTATION" = "UNSIGNED"
Info (12021): Found 1 design units, including 1 entities, in source file db/lpm_divide_ekm.tdf
    Info (12023): Found entity 1: lpm_divide_ekm
Info (12021): Found 1 design units, including 1 entities, in source file db/sign_div_unsign_6nh.tdf
    Info (12023): Found entity 1: sign_div_unsign_6nh
Info (12021): Found 1 design units, including 1 entities, in source file db/alt_u_div_0af.tdf
    Info (12023): Found entity 1: alt_u_div_0af
Info (12130): Elaborated megafunction instantiation "NixieTube:U2|lpm_divide:Div3"
Info (12133): Instantiated megafunction "NixieTube:U2|lpm_divide:Div3" with the following parameter:
    Info (12134): Parameter "LPM_WIDTHN" = "24"
    Info (12134): Parameter "LPM_WIDTHD" = "14"
    Info (12134): Parameter "LPM_NREPRESENTATION" = "UNSIGNED"
    Info (12134): Parameter "LPM_DREPRESENTATION" = "UNSIGNED"
Info (12021): Found 1 design units, including 1 entities, in source file db/lpm_divide_ikm.tdf
    Info (12023): Found entity 1: lpm_divide_ikm
Info (12130): Elaborated megafunction instantiation "Main:U1|lpm_divide:Mod1"
Info (12133): Instantiated megafunction "Main:U1|lpm_divide:Mod1" with the following parameter:
    Info (12134): Parameter "LPM_WIDTHN" = "64"
    Info (12134): Parameter "LPM_WIDTHD" = "15"
    Info (12134): Parameter "LPM_NREPRESENTATION" = "UNSIGNED"
    Info (12134): Parameter "LPM_DREPRESENTATION" = "UNSIGNED"
Info (12021): Found 1 design units, including 1 entities, in source file db/lpm_divide_qcm.tdf
    Info (12023): Found entity 1: lpm_divide_qcm
Info (12021): Found 1 design units, including 1 entities, in source file db/sign_div_unsign_fnh.tdf
    Info (12023): Found entity 1: sign_div_unsign_fnh
Info (12021): Found 1 design units, including 1 entities, in source file db/alt_u_div_iaf.tdf
    Info (12023): Found entity 1: alt_u_div_iaf
Info (12130): Elaborated megafunction instantiation "NixieTube:U2|lpm_divide:Mod0"
Info (12133): Instantiated megafunction "NixieTube:U2|lpm_divide:Mod0" with the following parameter:
    Info (12134): Parameter "LPM_WIDTHN" = "4"
    Info (12134): Parameter "LPM_WIDTHD" = "3"
    Info (12134): Parameter "LPM_NREPRESENTATION" = "UNSIGNED"
    Info (12134): Parameter "LPM_DREPRESENTATION" = "UNSIGNED"
Info (12021): Found 1 design units, including 1 entities, in source file db/lpm_divide_h9m.tdf
    Info (12023): Found entity 1: lpm_divide_h9m
Info (12021): Found 1 design units, including 1 entities, in source file db/sign_div_unsign_6kh.tdf
    Info (12023): Found entity 1: sign_div_unsign_6kh
Info (12021): Found 1 design units, including 1 entities, in source file db/alt_u_div_04f.tdf
    Info (12023): Found entity 1: alt_u_div_04f
Info (12130): Elaborated megafunction instantiation "Main:U1|lpm_divide:Mod2"
Info (12133): Instantiated megafunction "Main:U1|lpm_divide:Mod2" with the following parameter:
    Info (12134): Parameter "LPM_WIDTHN" = "25"
    Info (12134): Parameter "LPM_WIDTHD" = "20"
    Info (12134): Parameter "LPM_NREPRESENTATION" = "UNSIGNED"
    Info (12134): Parameter "LPM_DREPRESENTATION" = "UNSIGNED"
Info (12021): Found 1 design units, including 1 entities, in source file db/lpm_divide_jcm.tdf
    Info (12023): Found entity 1: lpm_divide_jcm
Info (12021): Found 1 design units, including 1 entities, in source file db/sign_div_unsign_8nh.tdf
    Info (12023): Found entity 1: sign_div_unsign_8nh
Info (12021): Found 1 design units, including 1 entities, in source file db/alt_u_div_4af.tdf
    Info (12023): Found entity 1: alt_u_div_4af
Info (12130): Elaborated megafunction instantiation "Main:U1|lpm_divide:Mod0"
Info (12133): Instantiated megafunction "Main:U1|lpm_divide:Mod0" with the following parameter:
    Info (12134): Parameter "LPM_WIDTHN" = "64"
    Info (12134): Parameter "LPM_WIDTHD" = "27"
    Info (12134): Parameter "LPM_NREPRESENTATION" = "UNSIGNED"
    Info (12134): Parameter "LPM_DREPRESENTATION" = "UNSIGNED"
Info (12021): Found 1 design units, including 1 entities, in source file db/lpm_divide_ucm.tdf
    Info (12023): Found entity 1: lpm_divide_ucm
Info (12021): Found 1 design units, including 1 entities, in source file db/sign_div_unsign_inh.tdf
    Info (12023): Found entity 1: sign_div_unsign_inh
Info (12021): Found 1 design units, including 1 entities, in source file db/alt_u_div_oaf.tdf
    Info (12023): Found entity 1: alt_u_div_oaf
Info (286030): Timing-Driven Synthesis is running
Info (17016): Found the following redundant logic cells in design
    Info (17048): Logic cell "Main:U1|lpm_divide:Mod3|lpm_divide_lcm:auto_generated|sign_div_unsign_anh:divider|alt_u_div_8af:divider|add_sub_17_result_int[2]~24"
    Info (17048): Logic cell "Main:U1|lpm_divide:Mod3|lpm_divide_lcm:auto_generated|sign_div_unsign_anh:divider|alt_u_div_8af:divider|add_sub_17_result_int[1]~26"
    Info (17048): Logic cell "NixieTube:U2|lpm_divide:Div1|lpm_divide_4jm:auto_generated|sign_div_unsign_slh:divider|alt_u_div_c7f:divider|add_sub_16_result_int[1]~14"
    Info (17048): Logic cell "NixieTube:U2|lpm_divide:Mod3|lpm_divide_4bm:auto_generated|sign_div_unsign_plh:divider|alt_u_div_67f:divider|add_sub_23_result_int[0]~0"
    Info (17048): Logic cell "NixieTube:U2|lpm_divide:Mod3|lpm_divide_4bm:auto_generated|sign_div_unsign_plh:divider|alt_u_div_67f:divider|add_sub_19_result_int[0]~10"
    Info (17048): Logic cell "NixieTube:U2|lpm_divide:Mod3|lpm_divide_4bm:auto_generated|sign_div_unsign_plh:divider|alt_u_div_67f:divider|add_sub_20_result_int[0]~10"
    Info (17048): Logic cell "NixieTube:U2|lpm_divide:Mod3|lpm_divide_4bm:auto_generated|sign_div_unsign_plh:divider|alt_u_div_67f:divider|add_sub_21_result_int[0]~10"
    Info (17048): Logic cell "NixieTube:U2|lpm_divide:Mod3|lpm_divide_4bm:auto_generated|sign_div_unsign_plh:divider|alt_u_div_67f:divider|add_sub_22_result_int[0]~10"
    Info (17048): Logic cell "NixieTube:U2|lpm_divide:Div2|lpm_divide_ekm:auto_generated|sign_div_unsign_6nh:divider|alt_u_div_0af:divider|add_sub_19_result_int[2]~18"
    Info (17048): Logic cell "NixieTube:U2|lpm_divide:Div2|lpm_divide_ekm:auto_generated|sign_div_unsign_6nh:divider|alt_u_div_0af:divider|add_sub_19_result_int[1]~20"
    Info (17048): Logic cell "NixieTube:U2|lpm_divide:Mod4|lpm_divide_4bm:auto_generated|sign_div_unsign_plh:divider|alt_u_div_67f:divider|add_sub_23_result_int[0]~0"
    Info (17048): Logic cell "NixieTube:U2|lpm_divide:Mod4|lpm_divide_4bm:auto_generated|sign_div_unsign_plh:divider|alt_u_div_67f:divider|add_sub_22_result_int[0]~10"
    Info (17048): Logic cell "NixieTube:U2|lpm_divide:Mod2|lpm_divide_4bm:auto_generated|sign_div_unsign_plh:divider|alt_u_div_67f:divider|add_sub_18_result_int[0]~10"
    Info (17048): Logic cell "NixieTube:U2|lpm_divide:Mod2|lpm_divide_4bm:auto_generated|sign_div_unsign_plh:divider|alt_u_div_67f:divider|add_sub_21_result_int[0]~10"
    Info (17048): Logic cell "Main:U1|lpm_divide:Mod1|lpm_divide_qcm:auto_generated|sign_div_unsign_fnh:divider|alt_u_div_iaf:divider|add_sub_51_result_int[1]~28"
    Info (17048): Logic cell "NixieTube:U2|lpm_divide:Mod0|lpm_divide_h9m:auto_generated|sign_div_unsign_6kh:divider|alt_u_div_04f:divider|add_sub_3_result_int[0]~8"
    Info (17048): Logic cell "Main:U1|lpm_divide:Mod2|lpm_divide_jcm:auto_generated|sign_div_unsign_8nh:divider|alt_u_div_4af:divider|add_sub_23_result_int[5]~32"
    Info (17048): Logic cell "Main:U1|lpm_divide:Mod2|lpm_divide_jcm:auto_generated|sign_div_unsign_8nh:divider|alt_u_div_4af:divider|add_sub_23_result_int[4]~34"
    Info (17048): Logic cell "Main:U1|lpm_divide:Mod2|lpm_divide_jcm:auto_generated|sign_div_unsign_8nh:divider|alt_u_div_4af:divider|add_sub_23_result_int[3]~36"
    Info (17048): Logic cell "Main:U1|lpm_divide:Mod2|lpm_divide_jcm:auto_generated|sign_div_unsign_8nh:divider|alt_u_div_4af:divider|add_sub_23_result_int[2]~38"
    Info (17048): Logic cell "Main:U1|lpm_divide:Mod2|lpm_divide_jcm:auto_generated|sign_div_unsign_8nh:divider|alt_u_div_4af:divider|add_sub_23_result_int[1]~40"
    Info (17048): Logic cell "Main:U1|lpm_divide:Mod2|lpm_divide_jcm:auto_generated|sign_div_unsign_8nh:divider|alt_u_div_4af:divider|add_sub_24_result_int[0]~42"
    Info (17048): Logic cell "Main:U1|lpm_divide:Mod0|lpm_divide_ucm:auto_generated|sign_div_unsign_inh:divider|alt_u_div_oaf:divider|add_sub_62_result_int[7]~42"
    Info (17048): Logic cell "Main:U1|lpm_divide:Mod0|lpm_divide_ucm:auto_generated|sign_div_unsign_inh:divider|alt_u_div_oaf:divider|add_sub_62_result_int[6]~44"
    Info (17048): Logic cell "Main:U1|lpm_divide:Mod0|lpm_divide_ucm:auto_generated|sign_div_unsign_inh:divider|alt_u_div_oaf:divider|add_sub_62_result_int[5]~46"
    Info (17048): Logic cell "Main:U1|lpm_divide:Mod0|lpm_divide_ucm:auto_generated|sign_div_unsign_inh:divider|alt_u_div_oaf:divider|add_sub_62_result_int[4]~48"
    Info (17048): Logic cell "Main:U1|lpm_divide:Mod0|lpm_divide_ucm:auto_generated|sign_div_unsign_inh:divider|alt_u_div_oaf:divider|add_sub_62_result_int[3]~50"
    Info (17048): Logic cell "Main:U1|lpm_divide:Mod0|lpm_divide_ucm:auto_generated|sign_div_unsign_inh:divider|alt_u_div_oaf:divider|add_sub_62_result_int[2]~52"
    Info (17048): Logic cell "Main:U1|lpm_divide:Mod0|lpm_divide_ucm:auto_generated|sign_div_unsign_inh:divider|alt_u_div_oaf:divider|add_sub_62_result_int[1]~54"
    Info (17048): Logic cell "Main:U1|lpm_divide:Mod0|lpm_divide_ucm:auto_generated|sign_div_unsign_inh:divider|alt_u_div_oaf:divider|add_sub_63_result_int[0]~54"
Info (16010): Generating hard_block partition "hard_block:auto_generated_inst"
    Info (16011): Adding 0 node(s), including 0 DDIO, 0 PLL, 0 transceiver and 0 LCELL
Info (21057): Implemented 1980 device resources after synthesis - the final resource count might be different
    Info (21058): Implemented 1 input pins
    Info (21059): Implemented 14 output pins
    Info (21061): Implemented 1965 logic cells
Info: Quartus II 64-Bit Analysis & Synthesis was successful. 0 errors, 9 warnings
    Info: Peak virtual memory: 820 megabytes
    Info: Processing ended: Fri Oct 28 22:24:23 2016
    Info: Elapsed time: 00:00:31
    Info: Total CPU time (on all processors): 00:00:53


